<?xml version="1.0" encoding="UTF-8"?>
<!-- Generated by org.testng.reporters.JUnitXMLReporter -->
<testsuite hostname="EGY-MMAHRAN-NB3" name="test checkout scenarios with chrome" tests="2" failures="0" timestamp="14 Jun 2020 22:15:30 GMT" time="26.438" errors="0">
  <testcase name="validateCheckoutProcess" time="10.216" classname="tests.CheckOutTests"/>
  <testcase name="validateCheckoutProcess" time="10.083" classname="tests.CheckOutTests"/>
</testsuite> <!-- test checkout scenarios with chrome -->
