<?xml version="1.0" encoding="UTF-8"?>
<testng-results skipped="0" failed="0" total="2" passed="2">
  <reporter-output>
  </reporter-output>
  <suite name="Suite" duration-ms="26010" started-at="2020-07-09T03:25:16Z" finished-at="2020-07-09T03:25:42Z">
    <groups>
    </groups>
    <test name="test scenarios" duration-ms="26010" started-at="2020-07-09T03:25:16Z" finished-at="2020-07-09T03:25:42Z">
      <class name="tests.MenuTests">
        <test-method status="PASS" signature="setUp(java.lang.String)[pri:0, instance:tests.MenuTests@29774679]" name="setUp" is-config="true" duration-ms="6995" started-at="2020-07-09T05:25:16Z" finished-at="2020-07-09T05:25:23Z">
          <params>
            <param index="0">
              <value>
                <![CDATA[chrome]]>
              </value>
            </param>
          </params>
          <reporter-output>
          </reporter-output>
        </test-method> <!-- setUp -->
        <test-method status="PASS" signature="goToHome()[pri:0, instance:tests.MenuTests@29774679]" name="goToHome" is-config="true" duration-ms="1019" started-at="2020-07-09T05:25:23Z" finished-at="2020-07-09T05:25:24Z">
          <reporter-output>
          </reporter-output>
        </test-method> <!-- goToHome -->
        <test-method status="PASS" signature="testCountsOfProductListForEachMainProduct(java.lang.String, java.lang.String)[pri:0, instance:tests.MenuTests@29774679]" name="testCountsOfProductListForEachMainProduct" duration-ms="10200" started-at="2020-07-09T05:25:24Z" data-provider="menuItems" finished-at="2020-07-09T05:25:35Z">
          <params>
            <param index="0">
              <value>
                <![CDATA[WOMEN]]>
              </value>
            </param>
            <param index="1">
              <value>
                <![CDATA[2]]>
              </value>
            </param>
          </params>
          <reporter-output>
          </reporter-output>
        </test-method> <!-- testCountsOfProductListForEachMainProduct -->
        <test-method status="PASS" signature="goToHome()[pri:0, instance:tests.MenuTests@29774679]" name="goToHome" is-config="true" duration-ms="1523" started-at="2020-07-09T05:25:35Z" finished-at="2020-07-09T05:25:36Z">
          <reporter-output>
          </reporter-output>
        </test-method> <!-- goToHome -->
        <test-method status="PASS" signature="testCountsOfProductListForEachMainProduct(java.lang.String, java.lang.String)[pri:0, instance:tests.MenuTests@29774679]" name="testCountsOfProductListForEachMainProduct" duration-ms="4344" started-at="2020-07-09T05:25:36Z" data-provider="menuItems" finished-at="2020-07-09T05:25:40Z">
          <params>
            <param index="0">
              <value>
                <![CDATA[DRESSES]]>
              </value>
            </param>
            <param index="1">
              <value>
                <![CDATA[3]]>
              </value>
            </param>
          </params>
          <reporter-output>
          </reporter-output>
        </test-method> <!-- testCountsOfProductListForEachMainProduct -->
        <test-method status="PASS" signature="tearDown()[pri:0, instance:tests.MenuTests@29774679]" name="tearDown" is-config="true" duration-ms="1091" started-at="2020-07-09T05:25:40Z" finished-at="2020-07-09T05:25:42Z">
          <reporter-output>
          </reporter-output>
        </test-method> <!-- tearDown -->
      </class> <!-- tests.MenuTests -->
    </test> <!-- test scenarios -->
  </suite> <!-- Suite -->
</testng-results>
