<?xml version="1.0" encoding="UTF-8"?>
<testsuite name="TestSuite" time="10.218" tests="3" errors="0" skipped="1" failures="0">
  <properties>
[...]
</properties>
  <testcase name="validateCheckoutProcess" classname="tests.CheckOutTests" time="10.218"/>
  <testcase name="validateCheckoutProcess" classname="tests.CheckOutTests" time="10.08"/>
  <testcase name="testCountsOfProductListForEachMainProduct" classname="tests.MenuTests" time="0">
    <skipped/>
    <system-out><![CDATA[06-15-2020 00:15:29 RequestAddCookies.java DEBUG [Forwarding quit on session 888e526d14c58fc348a5ac534ebe0860 to remote] protocol.RequestAddCookies 123 - CookieSpec selected: default
06-15-2020 00:15:29 RequestAuthCache.java DEBUG [Forwarding quit on session 888e526d14c58fc348a5ac534ebe0860 to remote] protocol.RequestAuthCache 77 - Auth cache not set in the context
06-15-2020 00:15:29 PoolingHttpClientConnectionManager.java DEBUG [Forwarding quit on session 888e526d14c58fc348a5ac534ebe0860 to remote] conn.PoolingHttpClientConnectionManager 255 - Connection request: [route: {}->http://localhost:21755][total kept alive: 1; route allocated: 1 of 2000; total allocated: 1 of 2000]
06-15-2020 00:15:29 PoolingHttpClientConnectionManager.java DEBUG [Forwarding quit on session 888e526d14c58fc348a5ac534ebe0860 to remote] conn.PoolingHttpClientConnectionManager 288 - Connection leased: [id: 0][route: {}->http://localhost:21755][total kept alive: 0; route allocated: 1 of 2000; total allocated: 1 of 2000]
06-15-2020 00:15:29 MainClientExec.java DEBUG [Forwarding quit on session 888e526d14c58fc348a5ac534ebe0860 to remote] execchain.MainClientExec 208 - Stale connection check
06-15-2020 00:15:29 Wire.java DEBUG [Forwarding quit on session 888e526d14c58fc348a5ac534ebe0860 to remote] http.wire 87 - http-outgoing-0 << "[read] I/O error: Read timed out"
06-15-2020 00:15:29 LoggingManagedHttpClientConnection.java DEBUG [Forwarding quit on session 888e526d14c58fc348a5ac534ebe0860 to remote] conn.DefaultManagedHttpClientConnection 88 - http-outgoing-0: set socket timeout to 10800000
06-15-2020 00:15:29 MainClientExec.java DEBUG [Forwarding quit on session 888e526d14c58fc348a5ac534ebe0860 to remote] execchain.MainClientExec 256 - Executing request DELETE /session/888e526d14c58fc348a5ac534ebe0860 HTTP/1.1
06-15-2020 00:15:29 MainClientExec.java DEBUG [Forwarding quit on session 888e526d14c58fc348a5ac534ebe0860 to remote] execchain.MainClientExec 261 - Target auth state: UNCHALLENGED
06-15-2020 00:15:29 MainClientExec.java DEBUG [Forwarding quit on session 888e526d14c58fc348a5ac534ebe0860 to remote] execchain.MainClientExec 267 - Proxy auth state: UNCHALLENGED
06-15-2020 00:15:29 LoggingManagedHttpClientConnection.java DEBUG [Forwarding quit on session 888e526d14c58fc348a5ac534ebe0860 to remote] http.headers 133 - http-outgoing-0 >> DELETE /session/888e526d14c58fc348a5ac534ebe0860 HTTP/1.1
06-15-2020 00:15:29 LoggingManagedHttpClientConnection.java DEBUG [Forwarding quit on session 888e526d14c58fc348a5ac534ebe0860 to remote] http.headers 136 - http-outgoing-0 >> Host: localhost:21755
06-15-2020 00:15:29 LoggingManagedHttpClientConnection.java DEBUG [Forwarding quit on session 888e526d14c58fc348a5ac534ebe0860 to remote] http.headers 136 - http-outgoing-0 >> Connection: Keep-Alive
06-15-2020 00:15:29 LoggingManagedHttpClientConnection.java DEBUG [Forwarding quit on session 888e526d14c58fc348a5ac534ebe0860 to remote] http.headers 136 - http-outgoing-0 >> User-Agent: Apache-HttpClient/4.5.3 (Java/1.8.0_144)
06-15-2020 00:15:29 LoggingManagedHttpClientConnection.java DEBUG [Forwarding quit on session 888e526d14c58fc348a5ac534ebe0860 to remote] http.headers 136 - http-outgoing-0 >> Accept-Encoding: gzip,deflate
06-15-2020 00:15:29 Wire.java DEBUG [Forwarding quit on session 888e526d14c58fc348a5ac534ebe0860 to remote] http.wire 73 - http-outgoing-0 >> "DELETE /session/888e526d14c58fc348a5ac534ebe0860 HTTP/1.1[\r][\n]"
06-15-2020 00:15:29 Wire.java DEBUG [Forwarding quit on session 888e526d14c58fc348a5ac534ebe0860 to remote] http.wire 73 - http-outgoing-0 >> "Host: localhost:21755[\r][\n]"
06-15-2020 00:15:29 Wire.java DEBUG [Forwarding quit on session 888e526d14c58fc348a5ac534ebe0860 to remote] http.wire 73 - http-outgoing-0 >> "Connection: Keep-Alive[\r][\n]"
06-15-2020 00:15:29 Wire.java DEBUG [Forwarding quit on session 888e526d14c58fc348a5ac534ebe0860 to remote] http.wire 73 - http-outgoing-0 >> "User-Agent: Apache-HttpClient/4.5.3 (Java/1.8.0_144)[\r][\n]"
06-15-2020 00:15:29 Wire.java DEBUG [Forwarding quit on session 888e526d14c58fc348a5ac534ebe0860 to remote] http.wire 73 - http-outgoing-0 >> "Accept-Encoding: gzip,deflate[\r][\n]"
06-15-2020 00:15:29 Wire.java DEBUG [Forwarding quit on session 888e526d14c58fc348a5ac534ebe0860 to remote] http.wire 73 - http-outgoing-0 >> "[\r][\n]"
06-15-2020 00:15:29 Wire.java DEBUG [Forwarding quit on session 888e526d14c58fc348a5ac534ebe0860 to remote] http.wire 73 - http-outgoing-0 << "HTTP/1.1 200 OK[\r][\n]"
06-15-2020 00:15:29 Wire.java DEBUG [Forwarding quit on session 888e526d14c58fc348a5ac534ebe0860 to remote] http.wire 73 - http-outgoing-0 << "Content-Length:14[\r][\n]"
06-15-2020 00:15:29 Wire.java DEBUG [Forwarding quit on session 888e526d14c58fc348a5ac534ebe0860 to remote] http.wire 73 - http-outgoing-0 << "Content-Type:application/json; charset=utf-8[\r][\n]"
06-15-2020 00:15:29 Wire.java DEBUG [Forwarding quit on session 888e526d14c58fc348a5ac534ebe0860 to remote] http.wire 73 - http-outgoing-0 << "cache-control:no-cache[\r][\n]"
06-15-2020 00:15:29 Wire.java DEBUG [Forwarding quit on session 888e526d14c58fc348a5ac534ebe0860 to remote] http.wire 73 - http-outgoing-0 << "[\r][\n]"
06-15-2020 00:15:29 Wire.java DEBUG [Forwarding quit on session 888e526d14c58fc348a5ac534ebe0860 to remote] http.wire 87 - http-outgoing-0 << "{"value":null}"
06-15-2020 00:15:29 LoggingManagedHttpClientConnection.java DEBUG [Forwarding quit on session 888e526d14c58fc348a5ac534ebe0860 to remote] http.headers 122 - http-outgoing-0 << HTTP/1.1 200 OK
06-15-2020 00:15:29 LoggingManagedHttpClientConnection.java DEBUG [Forwarding quit on session 888e526d14c58fc348a5ac534ebe0860 to remote] http.headers 125 - http-outgoing-0 << Content-Length:14
06-15-2020 00:15:29 LoggingManagedHttpClientConnection.java DEBUG [Forwarding quit on session 888e526d14c58fc348a5ac534ebe0860 to remote] http.headers 125 - http-outgoing-0 << Content-Type:application/json; charset=utf-8
06-15-2020 00:15:29 LoggingManagedHttpClientConnection.java DEBUG [Forwarding quit on session 888e526d14c58fc348a5ac534ebe0860 to remote] http.headers 125 - http-outgoing-0 << cache-control:no-cache
06-15-2020 00:15:29 MainClientExec.java DEBUG [Forwarding quit on session 888e526d14c58fc348a5ac534ebe0860 to remote] execchain.MainClientExec 285 - Connection can be kept alive indefinitely
06-15-2020 00:15:29 PoolingHttpClientConnectionManager.java DEBUG [Forwarding quit on session 888e526d14c58fc348a5ac534ebe0860 to remote] conn.PoolingHttpClientConnectionManager 320 - Connection [id: 0][route: {}->http://localhost:21755] can be kept alive indefinitely
06-15-2020 00:15:29 PoolingHttpClientConnectionManager.java DEBUG [Forwarding quit on session 888e526d14c58fc348a5ac534ebe0860 to remote] conn.PoolingHttpClientConnectionManager 326 - Connection released: [id: 0][route: {}->http://localhost:21755][total kept alive: 1; route allocated: 1 of 2000; total allocated: 1 of 2000]
06-15-2020 00:15:29 PoolingHttpClientConnectionManager.java DEBUG [Forwarding quit on session 888e526d14c58fc348a5ac534ebe0860 to remote] conn.PoolingHttpClientConnectionManager 407 - Closing connections idle longer than 0 SECONDS
06-15-2020 00:15:29 LoggingManagedHttpClientConnection.java DEBUG [Forwarding quit on session 888e526d14c58fc348a5ac534ebe0860 to remote] conn.DefaultManagedHttpClientConnection 79 - http-outgoing-0: Close connection
06-15-2020 00:15:30 _Log4jLoggerFactory.java DEBUG [main] freemarker.cache 45 - Couldn't find template in cache for "index.ftl"("en", UTF-8, parsed); will try to load it.
06-15-2020 00:15:30 _Log4jLoggerFactory.java DEBUG [main] freemarker.cache 45 - TemplateLoader.findTemplateSource("index_en.ftl"): Not found
06-15-2020 00:15:30 _Log4jLoggerFactory.java DEBUG [main] freemarker.cache 45 - TemplateLoader.findTemplateSource("index.ftl"): Found
06-15-2020 00:15:30 _Log4jLoggerFactory.java DEBUG [main] freemarker.cache 45 - Loading template for "index.ftl"("en", UTF-8, parsed) from "jar:file:/C:/Users/mmahran/.m2/repository/com/aventstack/extentreports/3.1.5/extentreports-3.1.5.jar!/com/aventstack/extentreports/view/html-report/index.ftl"
06-15-2020 00:15:30 _Log4jLoggerFactory.java DEBUG [main] freemarker.cache 45 - Couldn't find template in cache for "head.ftl"("en", UTF-8, parsed); will try to load it.
06-15-2020 00:15:30 _Log4jLoggerFactory.java DEBUG [main] freemarker.cache 45 - TemplateLoader.findTemplateSource("head_en.ftl"): Not found
06-15-2020 00:15:30 _Log4jLoggerFactory.java DEBUG [main] freemarker.cache 45 - TemplateLoader.findTemplateSource("head.ftl"): Found
06-15-2020 00:15:30 _Log4jLoggerFactory.java DEBUG [main] freemarker.cache 45 - Loading template for "head.ftl"("en", UTF-8, parsed) from "jar:file:/C:/Users/mmahran/.m2/repository/com/aventstack/extentreports/3.1.5/extentreports-3.1.5.jar!/com/aventstack/extentreports/view/html-report/head.ftl"
06-15-2020 00:15:30 _Log4jLoggerFactory.java DEBUG [main] freemarker.cache 45 - Couldn't find template in cache for "nav.ftl"("en", UTF-8, parsed); will try to load it.
06-15-2020 00:15:30 _Log4jLoggerFactory.java DEBUG [main] freemarker.cache 45 - TemplateLoader.findTemplateSource("nav_en.ftl"): Not found
06-15-2020 00:15:30 _Log4jLoggerFactory.java DEBUG [main] freemarker.cache 45 - TemplateLoader.findTemplateSource("nav.ftl"): Found
06-15-2020 00:15:30 _Log4jLoggerFactory.java DEBUG [main] freemarker.cache 45 - Loading template for "nav.ftl"("en", UTF-8, parsed) from "jar:file:/C:/Users/mmahran/.m2/repository/com/aventstack/extentreports/3.1.5/extentreports-3.1.5.jar!/com/aventstack/extentreports/view/html-report/nav.ftl"
06-15-2020 00:15:30 _Log4jLoggerFactory.java DEBUG [main] freemarker.cache 45 - Couldn't find template in cache for "test-view/test-view.ftl"("en", UTF-8, parsed); will try to load it.
06-15-2020 00:15:30 _Log4jLoggerFactory.java DEBUG [main] freemarker.cache 45 - TemplateLoader.findTemplateSource("test-view/test-view_en.ftl"): Not found
06-15-2020 00:15:30 _Log4jLoggerFactory.java DEBUG [main] freemarker.cache 45 - TemplateLoader.findTemplateSource("test-view/test-view.ftl"): Found
06-15-2020 00:15:30 _Log4jLoggerFactory.java DEBUG [main] freemarker.cache 45 - Loading template for "test-view/test-view.ftl"("en", UTF-8, parsed) from "jar:file:/C:/Users/mmahran/.m2/repository/com/aventstack/extentreports/3.1.5/extentreports-3.1.5.jar!/com/aventstack/extentreports/view/html-report/test-view/test-view.ftl"
06-15-2020 00:15:30 _Log4jLoggerFactory.java DEBUG [main] freemarker.cache 45 - Couldn't find template in cache for "test-view/standard.ftl"("en", UTF-8, parsed); will try to load it.
06-15-2020 00:15:30 _Log4jLoggerFactory.java DEBUG [main] freemarker.cache 45 - TemplateLoader.findTemplateSource("test-view/standard_en.ftl"): Not found
06-15-2020 00:15:30 _Log4jLoggerFactory.java DEBUG [main] freemarker.cache 45 - TemplateLoader.findTemplateSource("test-view/standard.ftl"): Found
06-15-2020 00:15:30 _Log4jLoggerFactory.java DEBUG [main] freemarker.cache 45 - Loading template for "test-view/standard.ftl"("en", UTF-8, parsed) from "jar:file:/C:/Users/mmahran/.m2/repository/com/aventstack/extentreports/3.1.5/extentreports-3.1.5.jar!/com/aventstack/extentreports/view/html-report/test-view/standard.ftl"
06-15-2020 00:15:30 _Log4jLoggerFactory.java DEBUG [main] freemarker.cache 45 - "test-view/standard.ftl"("en", UTF-8, parsed) cached copy not yet stale; using cached.
06-15-2020 00:15:30 _Log4jLoggerFactory.java DEBUG [main] freemarker.cache 45 - Couldn't find template in cache for "test-view/test-view-charts.ftl"("en", UTF-8, parsed); will try to load it.
06-15-2020 00:15:30 _Log4jLoggerFactory.java DEBUG [main] freemarker.cache 45 - TemplateLoader.findTemplateSource("test-view/test-view-charts_en.ftl"): Not found
06-15-2020 00:15:30 _Log4jLoggerFactory.java DEBUG [main] freemarker.cache 45 - TemplateLoader.findTemplateSource("test-view/test-view-charts.ftl"): Found
06-15-2020 00:15:30 _Log4jLoggerFactory.java DEBUG [main] freemarker.cache 45 - Loading template for "test-view/test-view-charts.ftl"("en", UTF-8, parsed) from "jar:file:/C:/Users/mmahran/.m2/repository/com/aventstack/extentreports/3.1.5/extentreports-3.1.5.jar!/com/aventstack/extentreports/view/html-report/test-view/test-view-charts.ftl"
06-15-2020 00:15:30 _Log4jLoggerFactory.java DEBUG [main] freemarker.cache 45 - Couldn't find template in cache for "category-view/category-view.ftl"("en", UTF-8, parsed); will try to load it.
06-15-2020 00:15:30 _Log4jLoggerFactory.java DEBUG [main] freemarker.cache 45 - TemplateLoader.findTemplateSource("category-view/category-view_en.ftl"): Not found
06-15-2020 00:15:30 _Log4jLoggerFactory.java DEBUG [main] freemarker.cache 45 - TemplateLoader.findTemplateSource("category-view/category-view.ftl"): Found
06-15-2020 00:15:30 _Log4jLoggerFactory.java DEBUG [main] freemarker.cache 45 - Loading template for "category-view/category-view.ftl"("en", UTF-8, parsed) from "jar:file:/C:/Users/mmahran/.m2/repository/com/aventstack/extentreports/3.1.5/extentreports-3.1.5.jar!/com/aventstack/extentreports/view/html-report/category-view/category-view.ftl"
06-15-2020 00:15:30 _Log4jLoggerFactory.java DEBUG [main] freemarker.cache 45 - Couldn't find template in cache for "author-view/author-view.ftl"("en", UTF-8, parsed); will try to load it.
06-15-2020 00:15:30 _Log4jLoggerFactory.java DEBUG [main] freemarker.cache 45 - TemplateLoader.findTemplateSource("author-view/author-view_en.ftl"): Not found
06-15-2020 00:15:30 _Log4jLoggerFactory.java DEBUG [main] freemarker.cache 45 - TemplateLoader.findTemplateSource("author-view/author-view.ftl"): Found
06-15-2020 00:15:30 _Log4jLoggerFactory.java DEBUG [main] freemarker.cache 45 - Loading template for "author-view/author-view.ftl"("en", UTF-8, parsed) from "jar:file:/C:/Users/mmahran/.m2/repository/com/aventstack/extentreports/3.1.5/extentreports-3.1.5.jar!/com/aventstack/extentreports/view/html-report/author-view/author-view.ftl"
06-15-2020 00:15:30 _Log4jLoggerFactory.java DEBUG [main] freemarker.cache 45 - Couldn't find template in cache for "exception-view/exception-view.ftl"("en", UTF-8, parsed); will try to load it.
06-15-2020 00:15:30 _Log4jLoggerFactory.java DEBUG [main] freemarker.cache 45 - TemplateLoader.findTemplateSource("exception-view/exception-view_en.ftl"): Not found
06-15-2020 00:15:30 _Log4jLoggerFactory.java DEBUG [main] freemarker.cache 45 - TemplateLoader.findTemplateSource("exception-view/exception-view.ftl"): Found
06-15-2020 00:15:30 _Log4jLoggerFactory.java DEBUG [main] freemarker.cache 45 - Loading template for "exception-view/exception-view.ftl"("en", UTF-8, parsed) from "jar:file:/C:/Users/mmahran/.m2/repository/com/aventstack/extentreports/3.1.5/extentreports-3.1.5.jar!/com/aventstack/extentreports/view/html-report/exception-view/exception-view.ftl"
06-15-2020 00:15:30 _Log4jLoggerFactory.java DEBUG [main] freemarker.cache 45 - Couldn't find template in cache for "dashboard-view/dashboard-view.ftl"("en", UTF-8, parsed); will try to load it.
06-15-2020 00:15:30 _Log4jLoggerFactory.java DEBUG [main] freemarker.cache 45 - TemplateLoader.findTemplateSource("dashboard-view/dashboard-view_en.ftl"): Not found
06-15-2020 00:15:30 _Log4jLoggerFactory.java DEBUG [main] freemarker.cache 45 - TemplateLoader.findTemplateSource("dashboard-view/dashboard-view.ftl"): Found
06-15-2020 00:15:30 _Log4jLoggerFactory.java DEBUG [main] freemarker.cache 45 - Loading template for "dashboard-view/dashboard-view.ftl"("en", UTF-8, parsed) from "jar:file:/C:/Users/mmahran/.m2/repository/com/aventstack/extentreports/3.1.5/extentreports-3.1.5.jar!/com/aventstack/extentreports/view/html-report/dashboard-view/dashboard-view.ftl"
06-15-2020 00:15:30 _Log4jLoggerFactory.java DEBUG [main] freemarker.cache 45 - Couldn't find template in cache for "logs-view/testrunner-logs-view.ftl"("en", UTF-8, parsed); will try to load it.
06-15-2020 00:15:30 _Log4jLoggerFactory.java DEBUG [main] freemarker.cache 45 - TemplateLoader.findTemplateSource("logs-view/testrunner-logs-view_en.ftl"): Not found
06-15-2020 00:15:30 _Log4jLoggerFactory.java DEBUG [main] freemarker.cache 45 - TemplateLoader.findTemplateSource("logs-view/testrunner-logs-view.ftl"): Found
06-15-2020 00:15:30 _Log4jLoggerFactory.java DEBUG [main] freemarker.cache 45 - Loading template for "logs-view/testrunner-logs-view.ftl"("en", UTF-8, parsed) from "jar:file:/C:/Users/mmahran/.m2/repository/com/aventstack/extentreports/3.1.5/extentreports-3.1.5.jar!/com/aventstack/extentreports/view/html-report/logs-view/testrunner-logs-view.ftl"
06-15-2020 00:15:30 _Log4jLoggerFactory.java DEBUG [main] freemarker.cache 45 - Couldn't find template in cache for "index.ftl"("en", UTF-8, parsed); will try to load it.
06-15-2020 00:15:30 _Log4jLoggerFactory.java DEBUG [main] freemarker.cache 45 - TemplateLoader.findTemplateSource("index_en.ftl"): Not found
06-15-2020 00:15:30 _Log4jLoggerFactory.java DEBUG [main] freemarker.cache 45 - TemplateLoader.findTemplateSource("index.ftl"): Found
06-15-2020 00:15:30 _Log4jLoggerFactory.java DEBUG [main] freemarker.cache 45 - Loading template for "index.ftl"("en", UTF-8, parsed) from "jar:file:/C:/Users/mmahran/.m2/repository/com/aventstack/extentreports/3.1.5/extentreports-3.1.5.jar!/com/aventstack/extentreports/view/html-report/index.ftl"
06-15-2020 00:15:30 _Log4jLoggerFactory.java DEBUG [main] freemarker.cache 45 - Couldn't find template in cache for "head.ftl"("en", UTF-8, parsed); will try to load it.
06-15-2020 00:15:30 _Log4jLoggerFactory.java DEBUG [main] freemarker.cache 45 - TemplateLoader.findTemplateSource("head_en.ftl"): Not found
06-15-2020 00:15:30 _Log4jLoggerFactory.java DEBUG [main] freemarker.cache 45 - TemplateLoader.findTemplateSource("head.ftl"): Found
06-15-2020 00:15:30 _Log4jLoggerFactory.java DEBUG [main] freemarker.cache 45 - Loading template for "head.ftl"("en", UTF-8, parsed) from "jar:file:/C:/Users/mmahran/.m2/repository/com/aventstack/extentreports/3.1.5/extentreports-3.1.5.jar!/com/aventstack/extentreports/view/html-report/head.ftl"
06-15-2020 00:15:30 _Log4jLoggerFactory.java DEBUG [main] freemarker.cache 45 - Couldn't find template in cache for "nav.ftl"("en", UTF-8, parsed); will try to load it.
06-15-2020 00:15:30 _Log4jLoggerFactory.java DEBUG [main] freemarker.cache 45 - TemplateLoader.findTemplateSource("nav_en.ftl"): Not found
06-15-2020 00:15:30 _Log4jLoggerFactory.java DEBUG [main] freemarker.cache 45 - TemplateLoader.findTemplateSource("nav.ftl"): Found
06-15-2020 00:15:30 _Log4jLoggerFactory.java DEBUG [main] freemarker.cache 45 - Loading template for "nav.ftl"("en", UTF-8, parsed) from "jar:file:/C:/Users/mmahran/.m2/repository/com/aventstack/extentreports/3.1.5/extentreports-3.1.5.jar!/com/aventstack/extentreports/view/html-report/nav.ftl"
06-15-2020 00:15:30 _Log4jLoggerFactory.java DEBUG [main] freemarker.cache 45 - Couldn't find template in cache for "test-view/test-view.ftl"("en", UTF-8, parsed); will try to load it.
06-15-2020 00:15:30 _Log4jLoggerFactory.java DEBUG [main] freemarker.cache 45 - TemplateLoader.findTemplateSource("test-view/test-view_en.ftl"): Not found
06-15-2020 00:15:30 _Log4jLoggerFactory.java DEBUG [main] freemarker.cache 45 - TemplateLoader.findTemplateSource("test-view/test-view.ftl"): Found
06-15-2020 00:15:30 _Log4jLoggerFactory.java DEBUG [main] freemarker.cache 45 - Loading template for "test-view/test-view.ftl"("en", UTF-8, parsed) from "jar:file:/C:/Users/mmahran/.m2/repository/com/aventstack/extentreports/3.1.5/extentreports-3.1.5.jar!/com/aventstack/extentreports/view/html-report/test-view/test-view.ftl"
06-15-2020 00:15:30 _Log4jLoggerFactory.java DEBUG [main] freemarker.cache 45 - Couldn't find template in cache for "test-view/standard.ftl"("en", UTF-8, parsed); will try to load it.
06-15-2020 00:15:30 _Log4jLoggerFactory.java DEBUG [main] freemarker.cache 45 - TemplateLoader.findTemplateSource("test-view/standard_en.ftl"): Not found
06-15-2020 00:15:30 _Log4jLoggerFactory.java DEBUG [main] freemarker.cache 45 - TemplateLoader.findTemplateSource("test-view/standard.ftl"): Found
06-15-2020 00:15:30 _Log4jLoggerFactory.java DEBUG [main] freemarker.cache 45 - Loading template for "test-view/standard.ftl"("en", UTF-8, parsed) from "jar:file:/C:/Users/mmahran/.m2/repository/com/aventstack/extentreports/3.1.5/extentreports-3.1.5.jar!/com/aventstack/extentreports/view/html-report/test-view/standard.ftl"
06-15-2020 00:15:31 _Log4jLoggerFactory.java DEBUG [main] freemarker.cache 45 - "test-view/standard.ftl"("en", UTF-8, parsed) cached copy not yet stale; using cached.
06-15-2020 00:15:31 _Log4jLoggerFactory.java DEBUG [main] freemarker.cache 45 - Couldn't find template in cache for "test-view/test-view-charts.ftl"("en", UTF-8, parsed); will try to load it.
06-15-2020 00:15:31 _Log4jLoggerFactory.java DEBUG [main] freemarker.cache 45 - TemplateLoader.findTemplateSource("test-view/test-view-charts_en.ftl"): Not found
06-15-2020 00:15:31 _Log4jLoggerFactory.java DEBUG [main] freemarker.cache 45 - TemplateLoader.findTemplateSource("test-view/test-view-charts.ftl"): Found
06-15-2020 00:15:31 _Log4jLoggerFactory.java DEBUG [main] freemarker.cache 45 - Loading template for "test-view/test-view-charts.ftl"("en", UTF-8, parsed) from "jar:file:/C:/Users/mmahran/.m2/repository/com/aventstack/extentreports/3.1.5/extentreports-3.1.5.jar!/com/aventstack/extentreports/view/html-report/test-view/test-view-charts.ftl"
06-15-2020 00:15:31 _Log4jLoggerFactory.java DEBUG [main] freemarker.cache 45 - Couldn't find template in cache for "category-view/category-view.ftl"("en", UTF-8, parsed); will try to load it.
06-15-2020 00:15:31 _Log4jLoggerFactory.java DEBUG [main] freemarker.cache 45 - TemplateLoader.findTemplateSource("category-view/category-view_en.ftl"): Not found
06-15-2020 00:15:31 _Log4jLoggerFactory.java DEBUG [main] freemarker.cache 45 - TemplateLoader.findTemplateSource("category-view/category-view.ftl"): Found
06-15-2020 00:15:31 _Log4jLoggerFactory.java DEBUG [main] freemarker.cache 45 - Loading template for "category-view/category-view.ftl"("en", UTF-8, parsed) from "jar:file:/C:/Users/mmahran/.m2/repository/com/aventstack/extentreports/3.1.5/extentreports-3.1.5.jar!/com/aventstack/extentreports/view/html-report/category-view/category-view.ftl"
06-15-2020 00:15:31 _Log4jLoggerFactory.java DEBUG [main] freemarker.cache 45 - Couldn't find template in cache for "author-view/author-view.ftl"("en", UTF-8, parsed); will try to load it.
06-15-2020 00:15:31 _Log4jLoggerFactory.java DEBUG [main] freemarker.cache 45 - TemplateLoader.findTemplateSource("author-view/author-view_en.ftl"): Not found
06-15-2020 00:15:31 _Log4jLoggerFactory.java DEBUG [main] freemarker.cache 45 - TemplateLoader.findTemplateSource("author-view/author-view.ftl"): Found
06-15-2020 00:15:31 _Log4jLoggerFactory.java DEBUG [main] freemarker.cache 45 - Loading template for "author-view/author-view.ftl"("en", UTF-8, parsed) from "jar:file:/C:/Users/mmahran/.m2/repository/com/aventstack/extentreports/3.1.5/extentreports-3.1.5.jar!/com/aventstack/extentreports/view/html-report/author-view/author-view.ftl"
06-15-2020 00:15:31 _Log4jLoggerFactory.java DEBUG [main] freemarker.cache 45 - Couldn't find template in cache for "exception-view/exception-view.ftl"("en", UTF-8, parsed); will try to load it.
06-15-2020 00:15:31 _Log4jLoggerFactory.java DEBUG [main] freemarker.cache 45 - TemplateLoader.findTemplateSource("exception-view/exception-view_en.ftl"): Not found
06-15-2020 00:15:31 _Log4jLoggerFactory.java DEBUG [main] freemarker.cache 45 - TemplateLoader.findTemplateSource("exception-view/exception-view.ftl"): Found
06-15-2020 00:15:31 _Log4jLoggerFactory.java DEBUG [main] freemarker.cache 45 - Loading template for "exception-view/exception-view.ftl"("en", UTF-8, parsed) from "jar:file:/C:/Users/mmahran/.m2/repository/com/aventstack/extentreports/3.1.5/extentreports-3.1.5.jar!/com/aventstack/extentreports/view/html-report/exception-view/exception-view.ftl"
06-15-2020 00:15:31 _Log4jLoggerFactory.java DEBUG [main] freemarker.cache 45 - Couldn't find template in cache for "dashboard-view/dashboard-view.ftl"("en", UTF-8, parsed); will try to load it.
06-15-2020 00:15:31 _Log4jLoggerFactory.java DEBUG [main] freemarker.cache 45 - TemplateLoader.findTemplateSource("dashboard-view/dashboard-view_en.ftl"): Not found
06-15-2020 00:15:31 _Log4jLoggerFactory.java DEBUG [main] freemarker.cache 45 - TemplateLoader.findTemplateSource("dashboard-view/dashboard-view.ftl"): Found
06-15-2020 00:15:31 _Log4jLoggerFactory.java DEBUG [main] freemarker.cache 45 - Loading template for "dashboard-view/dashboard-view.ftl"("en", UTF-8, parsed) from "jar:file:/C:/Users/mmahran/.m2/repository/com/aventstack/extentreports/3.1.5/extentreports-3.1.5.jar!/com/aventstack/extentreports/view/html-report/dashboard-view/dashboard-view.ftl"
06-15-2020 00:15:31 _Log4jLoggerFactory.java DEBUG [main] freemarker.cache 45 - Couldn't find template in cache for "logs-view/testrunner-logs-view.ftl"("en", UTF-8, parsed); will try to load it.
06-15-2020 00:15:31 _Log4jLoggerFactory.java DEBUG [main] freemarker.cache 45 - TemplateLoader.findTemplateSource("logs-view/testrunner-logs-view_en.ftl"): Not found
06-15-2020 00:15:31 _Log4jLoggerFactory.java DEBUG [main] freemarker.cache 45 - TemplateLoader.findTemplateSource("logs-view/testrunner-logs-view.ftl"): Found
06-15-2020 00:15:31 _Log4jLoggerFactory.java DEBUG [main] freemarker.cache 45 - Loading template for "logs-view/testrunner-logs-view.ftl"("en", UTF-8, parsed) from "jar:file:/C:/Users/mmahran/.m2/repository/com/aventstack/extentreports/3.1.5/extentreports-3.1.5.jar!/com/aventstack/extentreports/view/html-report/logs-view/testrunner-logs-view.ftl"
06-15-2020 00:15:31 RequestAddCookies.java DEBUG [Forwarding newSession on session null to remote] protocol.RequestAddCookies 123 - CookieSpec selected: default
06-15-2020 00:15:31 RequestAuthCache.java DEBUG [Forwarding newSession on session null to remote] protocol.RequestAuthCache 77 - Auth cache not set in the context
06-15-2020 00:15:31 PoolingHttpClientConnectionManager.java DEBUG [Forwarding newSession on session null to remote] conn.PoolingHttpClientConnectionManager 255 - Connection request: [route: {}->http://localhost:18069][total kept alive: 0; route allocated: 0 of 2000; total allocated: 0 of 2000]
06-15-2020 00:15:31 PoolingHttpClientConnectionManager.java DEBUG [Forwarding newSession on session null to remote] conn.PoolingHttpClientConnectionManager 288 - Connection leased: [id: 1][route: {}->http://localhost:18069][total kept alive: 0; route allocated: 1 of 2000; total allocated: 1 of 2000]
06-15-2020 00:15:31 MainClientExec.java DEBUG [Forwarding newSession on session null to remote] execchain.MainClientExec 235 - Opening connection {}->http://localhost:18069
06-15-2020 00:15:31 DefaultHttpClientConnectionOperator.java DEBUG [Forwarding newSession on session null to remote] conn.DefaultHttpClientConnectionOperator 139 - Connecting to localhost/127.0.0.1:18069
06-15-2020 00:15:31 DefaultHttpClientConnectionOperator.java DEBUG [Forwarding newSession on session null to remote] conn.DefaultHttpClientConnectionOperator 146 - Connection established 127.0.0.1:4608<->127.0.0.1:18069
06-15-2020 00:15:31 LoggingManagedHttpClientConnection.java DEBUG [Forwarding newSession on session null to remote] conn.DefaultManagedHttpClientConnection 88 - http-outgoing-1: set socket timeout to 10800000
06-15-2020 00:15:31 MainClientExec.java DEBUG [Forwarding newSession on session null to remote] execchain.MainClientExec 256 - Executing request POST /session HTTP/1.1
06-15-2020 00:15:31 MainClientExec.java DEBUG [Forwarding newSession on session null to remote] execchain.MainClientExec 261 - Target auth state: UNCHALLENGED
06-15-2020 00:15:31 MainClientExec.java DEBUG [Forwarding newSession on session null to remote] execchain.MainClientExec 267 - Proxy auth state: UNCHALLENGED
06-15-2020 00:15:31 LoggingManagedHttpClientConnection.java DEBUG [Forwarding newSession on session null to remote] http.headers 133 - http-outgoing-1 >> POST /session HTTP/1.1
06-15-2020 00:15:31 LoggingManagedHttpClientConnection.java DEBUG [Forwarding newSession on session null to remote] http.headers 136 - http-outgoing-1 >> Content-Type: application/json; charset=utf-8
06-15-2020 00:15:31 LoggingManagedHttpClientConnection.java DEBUG [Forwarding newSession on session null to remote] http.headers 136 - http-outgoing-1 >> Content-Length: 456
06-15-2020 00:15:31 LoggingManagedHttpClientConnection.java DEBUG [Forwarding newSession on session null to remote] http.headers 136 - http-outgoing-1 >> Host: localhost:18069
06-15-2020 00:15:31 LoggingManagedHttpClientConnection.java DEBUG [Forwarding newSession on session null to remote] http.headers 136 - http-outgoing-1 >> Connection: Keep-Alive
06-15-2020 00:15:31 LoggingManagedHttpClientConnection.java DEBUG [Forwarding newSession on session null to remote] http.headers 136 - http-outgoing-1 >> User-Agent: Apache-HttpClient/4.5.3 (Java/1.8.0_144)
06-15-2020 00:15:31 LoggingManagedHttpClientConnection.java DEBUG [Forwarding newSession on session null to remote] http.headers 136 - http-outgoing-1 >> Accept-Encoding: gzip,deflate
06-15-2020 00:15:31 Wire.java DEBUG [Forwarding newSession on session null to remote] http.wire 73 - http-outgoing-1 >> "POST /session HTTP/1.1[\r][\n]"
06-15-2020 00:15:31 Wire.java DEBUG [Forwarding newSession on session null to remote] http.wire 73 - http-outgoing-1 >> "Content-Type: application/json; charset=utf-8[\r][\n]"
06-15-2020 00:15:31 Wire.java DEBUG [Forwarding newSession on session null to remote] http.wire 73 - http-outgoing-1 >> "Content-Length: 456[\r][\n]"
06-15-2020 00:15:31 Wire.java DEBUG [Forwarding newSession on session null to remote] http.wire 73 - http-outgoing-1 >> "Host: localhost:18069[\r][\n]"
06-15-2020 00:15:31 Wire.java DEBUG [Forwarding newSession on session null to remote] http.wire 73 - http-outgoing-1 >> "Connection: Keep-Alive[\r][\n]"
06-15-2020 00:15:31 Wire.java DEBUG [Forwarding newSession on session null to remote] http.wire 73 - http-outgoing-1 >> "User-Agent: Apache-HttpClient/4.5.3 (Java/1.8.0_144)[\r][\n]"
06-15-2020 00:15:31 Wire.java DEBUG [Forwarding newSession on session null to remote] http.wire 73 - http-outgoing-1 >> "Accept-Encoding: gzip,deflate[\r][\n]"
06-15-2020 00:15:31 Wire.java DEBUG [Forwarding newSession on session null to remote] http.wire 73 - http-outgoing-1 >> "[\r][\n]"
06-15-2020 00:15:31 Wire.java DEBUG [Forwarding newSession on session null to remote] http.wire 73 - http-outgoing-1 >> "{[\n]"
06-15-2020 00:15:31 Wire.java DEBUG [Forwarding newSession on session null to remote] http.wire 73 - http-outgoing-1 >> "  "desiredCapabilities": {[\n]"
06-15-2020 00:15:31 Wire.java DEBUG [Forwarding newSession on session null to remote] http.wire 73 - http-outgoing-1 >> "    "moz:firefoxOptions": {[\n]"
06-15-2020 00:15:31 Wire.java DEBUG [Forwarding newSession on session null to remote] http.wire 73 - http-outgoing-1 >> "      "prefs": {},[\n]"
06-15-2020 00:15:31 Wire.java DEBUG [Forwarding newSession on session null to remote] http.wire 73 - http-outgoing-1 >> "      "args": [][\n]"
06-15-2020 00:15:31 Wire.java DEBUG [Forwarding newSession on session null to remote] http.wire 73 - http-outgoing-1 >> "    }[\n]"
06-15-2020 00:15:31 Wire.java DEBUG [Forwarding newSession on session null to remote] http.wire 73 - http-outgoing-1 >> "  },[\n]"
06-15-2020 00:15:31 Wire.java DEBUG [Forwarding newSession on session null to remote] http.wire 73 - http-outgoing-1 >> "  "requiredCapabilities": {},[\n]"
06-15-2020 00:15:31 Wire.java DEBUG [Forwarding newSession on session null to remote] http.wire 73 - http-outgoing-1 >> "  "capabilities": {[\n]"
06-15-2020 00:15:31 Wire.java DEBUG [Forwarding newSession on session null to remote] http.wire 73 - http-outgoing-1 >> "    "desiredCapabilities": {[\n]"
06-15-2020 00:15:31 Wire.java DEBUG [Forwarding newSession on session null to remote] http.wire 73 - http-outgoing-1 >> "      "moz:firefoxOptions": {[\n]"
06-15-2020 00:15:31 Wire.java DEBUG [Forwarding newSession on session null to remote] http.wire 73 - http-outgoing-1 >> "        "prefs": {},[\n]"
06-15-2020 00:15:31 Wire.java DEBUG [Forwarding newSession on session null to remote] http.wire 73 - http-outgoing-1 >> "        "args": [][\n]"
06-15-2020 00:15:31 Wire.java DEBUG [Forwarding newSession on session null to remote] http.wire 73 - http-outgoing-1 >> "      }[\n]"
06-15-2020 00:15:31 Wire.java DEBUG [Forwarding newSession on session null to remote] http.wire 73 - http-outgoing-1 >> "    },[\n]"
06-15-2020 00:15:31 Wire.java DEBUG [Forwarding newSession on session null to remote] http.wire 73 - http-outgoing-1 >> "    "requiredCapabilities": {},[\n]"
06-15-2020 00:15:31 Wire.java DEBUG [Forwarding newSession on session null to remote] http.wire 73 - http-outgoing-1 >> "    "alwaysMatch": {},[\n]"
06-15-2020 00:15:31 Wire.java DEBUG [Forwarding newSession on session null to remote] http.wire 73 - http-outgoing-1 >> "    "firstMatch": [[\n]"
06-15-2020 00:15:31 Wire.java DEBUG [Forwarding newSession on session null to remote] http.wire 73 - http-outgoing-1 >> "      {[\n]"
06-15-2020 00:15:31 Wire.java DEBUG [Forwarding newSession on session null to remote] http.wire 73 - http-outgoing-1 >> "        "moz:firefoxOptions": {[\n]"
06-15-2020 00:15:31 Wire.java DEBUG [Forwarding newSession on session null to remote] http.wire 73 - http-outgoing-1 >> "          "prefs": {},[\n]"
06-15-2020 00:15:31 Wire.java DEBUG [Forwarding newSession on session null to remote] http.wire 73 - http-outgoing-1 >> "          "args": [][\n]"
06-15-2020 00:15:31 Wire.java DEBUG [Forwarding newSession on session null to remote] http.wire 73 - http-outgoing-1 >> "        }[\n]"
06-15-2020 00:15:31 Wire.java DEBUG [Forwarding newSession on session null to remote] http.wire 73 - http-outgoing-1 >> "      }[\n]"
06-15-2020 00:15:31 Wire.java DEBUG [Forwarding newSession on session null to remote] http.wire 73 - http-outgoing-1 >> "    ][\n]"
06-15-2020 00:15:31 Wire.java DEBUG [Forwarding newSession on session null to remote] http.wire 73 - http-outgoing-1 >> "  }[\n]"
06-15-2020 00:15:31 Wire.java DEBUG [Forwarding newSession on session null to remote] http.wire 87 - http-outgoing-1 >> "}"
06-15-2020 00:15:35 Wire.java DEBUG [Forwarding newSession on session null to remote] http.wire 73 - http-outgoing-1 << "HTTP/1.1 200 OK[\r][\n]"
06-15-2020 00:15:35 Wire.java DEBUG [Forwarding newSession on session null to remote] http.wire 73 - http-outgoing-1 << "content-type: application/json; charset=utf-8[\r][\n]"
06-15-2020 00:15:35 Wire.java DEBUG [Forwarding newSession on session null to remote] http.wire 73 - http-outgoing-1 << "cache-control: no-cache[\r][\n]"
06-15-2020 00:15:35 Wire.java DEBUG [Forwarding newSession on session null to remote] http.wire 73 - http-outgoing-1 << "content-length: 733[\r][\n]"
06-15-2020 00:15:35 Wire.java DEBUG [Forwarding newSession on session null to remote] http.wire 73 - http-outgoing-1 << "date: Sun, 14 Jun 2020 22:15:31 GMT[\r][\n]"
06-15-2020 00:15:35 Wire.java DEBUG [Forwarding newSession on session null to remote] http.wire 73 - http-outgoing-1 << "[\r][\n]"
06-15-2020 00:15:35 Wire.java DEBUG [Forwarding newSession on session null to remote] http.wire 87 - http-outgoing-1 << "{"value":{"sessionId":"fee92b64-ec83-4b15-8cd8-60e359a33e69","capabilities":{"acceptInsecureCerts":false,"browserName":"firefox","browserVersion":"69.0.1","moz:accessibilityChecks":false,"moz:buildID":"20190917135527","moz:geckodriverVersion":"0.26.0","moz:headless":false,"moz:processID":17280,"moz:profile":"C:\\Users\\mmahran\\AppData\\Local\\Temp\\rust_mozprofileqZfdR7","moz:shutdownTimeout":60000,"moz:useNonSpecCompliantPointerOrigin":false,"moz:webdriverClick":true,"pageLoadStrategy":"normal","platformName":"windows","platformVersion":"10.0","rotatable":false,"setWindowRect":true,"strictFileInteractability":false,"timeouts":{"implicit":0,"pageLoad":300000,"script":30000},"unhandledPromptBehavior":"dismiss and notify"}}}"
06-15-2020 00:15:35 LoggingManagedHttpClientConnection.java DEBUG [Forwarding newSession on session null to remote] http.headers 122 - http-outgoing-1 << HTTP/1.1 200 OK
06-15-2020 00:15:35 LoggingManagedHttpClientConnection.java DEBUG [Forwarding newSession on session null to remote] http.headers 125 - http-outgoing-1 << content-type: application/json; charset=utf-8
06-15-2020 00:15:35 LoggingManagedHttpClientConnection.java DEBUG [Forwarding newSession on session null to remote] http.headers 125 - http-outgoing-1 << cache-control: no-cache
06-15-2020 00:15:35 LoggingManagedHttpClientConnection.java DEBUG [Forwarding newSession on session null to remote] http.headers 125 - http-outgoing-1 << content-length: 733
06-15-2020 00:15:35 LoggingManagedHttpClientConnection.java DEBUG [Forwarding newSession on session null to remote] http.headers 125 - http-outgoing-1 << date: Sun, 14 Jun 2020 22:15:31 GMT
06-15-2020 00:15:35 MainClientExec.java DEBUG [Forwarding newSession on session null to remote] execchain.MainClientExec 285 - Connection can be kept alive indefinitely
06-15-2020 00:15:35 PoolingHttpClientConnectionManager.java DEBUG [Forwarding newSession on session null to remote] conn.PoolingHttpClientConnectionManager 320 - Connection [id: 1][route: {}->http://localhost:18069] can be kept alive indefinitely
06-15-2020 00:15:35 PoolingHttpClientConnectionManager.java DEBUG [Forwarding newSession on session null to remote] conn.PoolingHttpClientConnectionManager 326 - Connection released: [id: 1][route: {}->http://localhost:18069][total kept alive: 1; route allocated: 1 of 2000; total allocated: 1 of 2000]
06-15-2020 00:15:35 RequestAddCookies.java DEBUG [Forwarding setTimeout on session fee92b64-ec83-4b15-8cd8-60e359a33e69 to remote] protocol.RequestAddCookies 123 - CookieSpec selected: default
06-15-2020 00:15:35 RequestAuthCache.java DEBUG [Forwarding setTimeout on session fee92b64-ec83-4b15-8cd8-60e359a33e69 to remote] protocol.RequestAuthCache 77 - Auth cache not set in the context
06-15-2020 00:15:35 PoolingHttpClientConnectionManager.java DEBUG [Forwarding setTimeout on session fee92b64-ec83-4b15-8cd8-60e359a33e69 to remote] conn.PoolingHttpClientConnectionManager 255 - Connection request: [route: {}->http://localhost:18069][total kept alive: 1; route allocated: 1 of 2000; total allocated: 1 of 2000]
06-15-2020 00:15:35 PoolingHttpClientConnectionManager.java DEBUG [Forwarding setTimeout on session fee92b64-ec83-4b15-8cd8-60e359a33e69 to remote] conn.PoolingHttpClientConnectionManager 288 - Connection leased: [id: 1][route: {}->http://localhost:18069][total kept alive: 0; route allocated: 1 of 2000; total allocated: 1 of 2000]
06-15-2020 00:15:35 MainClientExec.java DEBUG [Forwarding setTimeout on session fee92b64-ec83-4b15-8cd8-60e359a33e69 to remote] execchain.MainClientExec 208 - Stale connection check
06-15-2020 00:15:35 Wire.java DEBUG [Forwarding setTimeout on session fee92b64-ec83-4b15-8cd8-60e359a33e69 to remote] http.wire 87 - http-outgoing-1 << "[read] I/O error: Read timed out"
06-15-2020 00:15:35 LoggingManagedHttpClientConnection.java DEBUG [Forwarding setTimeout on session fee92b64-ec83-4b15-8cd8-60e359a33e69 to remote] conn.DefaultManagedHttpClientConnection 88 - http-outgoing-1: set socket timeout to 10800000
06-15-2020 00:15:35 MainClientExec.java DEBUG [Forwarding setTimeout on session fee92b64-ec83-4b15-8cd8-60e359a33e69 to remote] execchain.MainClientExec 256 - Executing request POST /session/fee92b64-ec83-4b15-8cd8-60e359a33e69/timeouts HTTP/1.1
06-15-2020 00:15:35 MainClientExec.java DEBUG [Forwarding setTimeout on session fee92b64-ec83-4b15-8cd8-60e359a33e69 to remote] execchain.MainClientExec 261 - Target auth state: UNCHALLENGED
06-15-2020 00:15:35 MainClientExec.java DEBUG [Forwarding setTimeout on session fee92b64-ec83-4b15-8cd8-60e359a33e69 to remote] execchain.MainClientExec 267 - Proxy auth state: UNCHALLENGED
06-15-2020 00:15:35 LoggingManagedHttpClientConnection.java DEBUG [Forwarding setTimeout on session fee92b64-ec83-4b15-8cd8-60e359a33e69 to remote] http.headers 133 - http-outgoing-1 >> POST /session/fee92b64-ec83-4b15-8cd8-60e359a33e69/timeouts HTTP/1.1
06-15-2020 00:15:35 LoggingManagedHttpClientConnection.java DEBUG [Forwarding setTimeout on session fee92b64-ec83-4b15-8cd8-60e359a33e69 to remote] http.headers 136 - http-outgoing-1 >> Content-Type: application/json; charset=utf-8
06-15-2020 00:15:35 LoggingManagedHttpClientConnection.java DEBUG [Forwarding setTimeout on session fee92b64-ec83-4b15-8cd8-60e359a33e69 to remote] http.headers 136 - http-outgoing-1 >> Content-Length: 18
06-15-2020 00:15:35 LoggingManagedHttpClientConnection.java DEBUG [Forwarding setTimeout on session fee92b64-ec83-4b15-8cd8-60e359a33e69 to remote] http.headers 136 - http-outgoing-1 >> Host: localhost:18069
06-15-2020 00:15:35 LoggingManagedHttpClientConnection.java DEBUG [Forwarding setTimeout on session fee92b64-ec83-4b15-8cd8-60e359a33e69 to remote] http.headers 136 - http-outgoing-1 >> Connection: Keep-Alive
06-15-2020 00:15:35 LoggingManagedHttpClientConnection.java DEBUG [Forwarding setTimeout on session fee92b64-ec83-4b15-8cd8-60e359a33e69 to remote] http.headers 136 - http-outgoing-1 >> User-Agent: Apache-HttpClient/4.5.3 (Java/1.8.0_144)
06-15-2020 00:15:35 LoggingManagedHttpClientConnection.java DEBUG [Forwarding setTimeout on session fee92b64-ec83-4b15-8cd8-60e359a33e69 to remote] http.headers 136 - http-outgoing-1 >> Accept-Encoding: gzip,deflate
06-15-2020 00:15:35 Wire.java DEBUG [Forwarding setTimeout on session fee92b64-ec83-4b15-8cd8-60e359a33e69 to remote] http.wire 73 - http-outgoing-1 >> "POST /session/fee92b64-ec83-4b15-8cd8-60e359a33e69/timeouts HTTP/1.1[\r][\n]"
06-15-2020 00:15:35 Wire.java DEBUG [Forwarding setTimeout on session fee92b64-ec83-4b15-8cd8-60e359a33e69 to remote] http.wire 73 - http-outgoing-1 >> "Content-Type: application/json; charset=utf-8[\r][\n]"
06-15-2020 00:15:35 Wire.java DEBUG [Forwarding setTimeout on session fee92b64-ec83-4b15-8cd8-60e359a33e69 to remote] http.wire 73 - http-outgoing-1 >> "Content-Length: 18[\r][\n]"
06-15-2020 00:15:35 Wire.java DEBUG [Forwarding setTimeout on session fee92b64-ec83-4b15-8cd8-60e359a33e69 to remote] http.wire 73 - http-outgoing-1 >> "Host: localhost:18069[\r][\n]"
06-15-2020 00:15:35 Wire.java DEBUG [Forwarding setTimeout on session fee92b64-ec83-4b15-8cd8-60e359a33e69 to remote] http.wire 73 - http-outgoing-1 >> "Connection: Keep-Alive[\r][\n]"
06-15-2020 00:15:35 Wire.java DEBUG [Forwarding setTimeout on session fee92b64-ec83-4b15-8cd8-60e359a33e69 to remote] http.wire 73 - http-outgoing-1 >> "User-Agent: Apache-HttpClient/4.5.3 (Java/1.8.0_144)[\r][\n]"
06-15-2020 00:15:35 Wire.java DEBUG [Forwarding setTimeout on session fee92b64-ec83-4b15-8cd8-60e359a33e69 to remote] http.wire 73 - http-outgoing-1 >> "Accept-Encoding: gzip,deflate[\r][\n]"
06-15-2020 00:15:35 Wire.java DEBUG [Forwarding setTimeout on session fee92b64-ec83-4b15-8cd8-60e359a33e69 to remote] http.wire 73 - http-outgoing-1 >> "[\r][\n]"
06-15-2020 00:15:35 Wire.java DEBUG [Forwarding setTimeout on session fee92b64-ec83-4b15-8cd8-60e359a33e69 to remote] http.wire 87 - http-outgoing-1 >> "{"implicit":10000}"
06-15-2020 00:15:35 Wire.java DEBUG [Forwarding setTimeout on session fee92b64-ec83-4b15-8cd8-60e359a33e69 to remote] http.wire 73 - http-outgoing-1 << "HTTP/1.1 200 OK[\r][\n]"
06-15-2020 00:15:35 Wire.java DEBUG [Forwarding setTimeout on session fee92b64-ec83-4b15-8cd8-60e359a33e69 to remote] http.wire 73 - http-outgoing-1 << "content-type: application/json; charset=utf-8[\r][\n]"
06-15-2020 00:15:35 Wire.java DEBUG [Forwarding setTimeout on session fee92b64-ec83-4b15-8cd8-60e359a33e69 to remote] http.wire 73 - http-outgoing-1 << "cache-control: no-cache[\r][\n]"
06-15-2020 00:15:35 Wire.java DEBUG [Forwarding setTimeout on session fee92b64-ec83-4b15-8cd8-60e359a33e69 to remote] http.wire 73 - http-outgoing-1 << "content-length: 14[\r][\n]"
06-15-2020 00:15:35 Wire.java DEBUG [Forwarding setTimeout on session fee92b64-ec83-4b15-8cd8-60e359a33e69 to remote] http.wire 73 - http-outgoing-1 << "date: Sun, 14 Jun 2020 22:15:35 GMT[\r][\n]"
06-15-2020 00:15:35 Wire.java DEBUG [Forwarding setTimeout on session fee92b64-ec83-4b15-8cd8-60e359a33e69 to remote] http.wire 73 - http-outgoing-1 << "[\r][\n]"
06-15-2020 00:15:35 Wire.java DEBUG [Forwarding setTimeout on session fee92b64-ec83-4b15-8cd8-60e359a33e69 to remote] http.wire 87 - http-outgoing-1 << "{"value":null}"
06-15-2020 00:15:35 LoggingManagedHttpClientConnection.java DEBUG [Forwarding setTimeout on session fee92b64-ec83-4b15-8cd8-60e359a33e69 to remote] http.headers 122 - http-outgoing-1 << HTTP/1.1 200 OK
06-15-2020 00:15:35 LoggingManagedHttpClientConnection.java DEBUG [Forwarding setTimeout on session fee92b64-ec83-4b15-8cd8-60e359a33e69 to remote] http.headers 125 - http-outgoing-1 << content-type: application/json; charset=utf-8
06-15-2020 00:15:35 LoggingManagedHttpClientConnection.java DEBUG [Forwarding setTimeout on session fee92b64-ec83-4b15-8cd8-60e359a33e69 to remote] http.headers 125 - http-outgoing-1 << cache-control: no-cache
06-15-2020 00:15:35 LoggingManagedHttpClientConnection.java DEBUG [Forwarding setTimeout on session fee92b64-ec83-4b15-8cd8-60e359a33e69 to remote] http.headers 125 - http-outgoing-1 << content-length: 14
06-15-2020 00:15:35 LoggingManagedHttpClientConnection.java DEBUG [Forwarding setTimeout on session fee92b64-ec83-4b15-8cd8-60e359a33e69 to remote] http.headers 125 - http-outgoing-1 << date: Sun, 14 Jun 2020 22:15:35 GMT
06-15-2020 00:15:35 MainClientExec.java DEBUG [Forwarding setTimeout on session fee92b64-ec83-4b15-8cd8-60e359a33e69 to remote] execchain.MainClientExec 285 - Connection can be kept alive indefinitely
06-15-2020 00:15:35 PoolingHttpClientConnectionManager.java DEBUG [Forwarding setTimeout on session fee92b64-ec83-4b15-8cd8-60e359a33e69 to remote] conn.PoolingHttpClientConnectionManager 320 - Connection [id: 1][route: {}->http://localhost:18069] can be kept alive indefinitely
06-15-2020 00:15:35 PoolingHttpClientConnectionManager.java DEBUG [Forwarding setTimeout on session fee92b64-ec83-4b15-8cd8-60e359a33e69 to remote] conn.PoolingHttpClientConnectionManager 326 - Connection released: [id: 1][route: {}->http://localhost:18069][total kept alive: 1; route allocated: 1 of 2000; total allocated: 1 of 2000]
06-15-2020 00:15:35 RequestAddCookies.java DEBUG [Forwarding maximizeCurrentWindow on session fee92b64-ec83-4b15-8cd8-60e359a33e69 to remote] protocol.RequestAddCookies 123 - CookieSpec selected: default
06-15-2020 00:15:35 RequestAuthCache.java DEBUG [Forwarding maximizeCurrentWindow on session fee92b64-ec83-4b15-8cd8-60e359a33e69 to remote] protocol.RequestAuthCache 77 - Auth cache not set in the context
06-15-2020 00:15:35 PoolingHttpClientConnectionManager.java DEBUG [Forwarding maximizeCurrentWindow on session fee92b64-ec83-4b15-8cd8-60e359a33e69 to remote] conn.PoolingHttpClientConnectionManager 255 - Connection request: [route: {}->http://localhost:18069][total kept alive: 1; route allocated: 1 of 2000; total allocated: 1 of 2000]
06-15-2020 00:15:35 PoolingHttpClientConnectionManager.java DEBUG [Forwarding maximizeCurrentWindow on session fee92b64-ec83-4b15-8cd8-60e359a33e69 to remote] conn.PoolingHttpClientConnectionManager 288 - Connection leased: [id: 1][route: {}->http://localhost:18069][total kept alive: 0; route allocated: 1 of 2000; total allocated: 1 of 2000]
06-15-2020 00:15:35 MainClientExec.java DEBUG [Forwarding maximizeCurrentWindow on session fee92b64-ec83-4b15-8cd8-60e359a33e69 to remote] execchain.MainClientExec 208 - Stale connection check
06-15-2020 00:15:35 Wire.java DEBUG [Forwarding maximizeCurrentWindow on session fee92b64-ec83-4b15-8cd8-60e359a33e69 to remote] http.wire 87 - http-outgoing-1 << "[read] I/O error: Read timed out"
06-15-2020 00:15:35 LoggingManagedHttpClientConnection.java DEBUG [Forwarding maximizeCurrentWindow on session fee92b64-ec83-4b15-8cd8-60e359a33e69 to remote] conn.DefaultManagedHttpClientConnection 88 - http-outgoing-1: set socket timeout to 10800000
06-15-2020 00:15:35 MainClientExec.java DEBUG [Forwarding maximizeCurrentWindow on session fee92b64-ec83-4b15-8cd8-60e359a33e69 to remote] execchain.MainClientExec 256 - Executing request POST /session/fee92b64-ec83-4b15-8cd8-60e359a33e69/window/maximize HTTP/1.1
06-15-2020 00:15:35 MainClientExec.java DEBUG [Forwarding maximizeCurrentWindow on session fee92b64-ec83-4b15-8cd8-60e359a33e69 to remote] execchain.MainClientExec 261 - Target auth state: UNCHALLENGED
06-15-2020 00:15:35 MainClientExec.java DEBUG [Forwarding maximizeCurrentWindow on session fee92b64-ec83-4b15-8cd8-60e359a33e69 to remote] execchain.MainClientExec 267 - Proxy auth state: UNCHALLENGED
06-15-2020 00:15:35 LoggingManagedHttpClientConnection.java DEBUG [Forwarding maximizeCurrentWindow on session fee92b64-ec83-4b15-8cd8-60e359a33e69 to remote] http.headers 133 - http-outgoing-1 >> POST /session/fee92b64-ec83-4b15-8cd8-60e359a33e69/window/maximize HTTP/1.1
06-15-2020 00:15:35 LoggingManagedHttpClientConnection.java DEBUG [Forwarding maximizeCurrentWindow on session fee92b64-ec83-4b15-8cd8-60e359a33e69 to remote] http.headers 136 - http-outgoing-1 >> Content-Type: application/json; charset=utf-8
06-15-2020 00:15:35 LoggingManagedHttpClientConnection.java DEBUG [Forwarding maximizeCurrentWindow on session fee92b64-ec83-4b15-8cd8-60e359a33e69 to remote] http.headers 136 - http-outgoing-1 >> Content-Length: 2
06-15-2020 00:15:35 LoggingManagedHttpClientConnection.java DEBUG [Forwarding maximizeCurrentWindow on session fee92b64-ec83-4b15-8cd8-60e359a33e69 to remote] http.headers 136 - http-outgoing-1 >> Host: localhost:18069
06-15-2020 00:15:35 LoggingManagedHttpClientConnection.java DEBUG [Forwarding maximizeCurrentWindow on session fee92b64-ec83-4b15-8cd8-60e359a33e69 to remote] http.headers 136 - http-outgoing-1 >> Connection: Keep-Alive
06-15-2020 00:15:35 LoggingManagedHttpClientConnection.java DEBUG [Forwarding maximizeCurrentWindow on session fee92b64-ec83-4b15-8cd8-60e359a33e69 to remote] http.headers 136 - http-outgoing-1 >> User-Agent: Apache-HttpClient/4.5.3 (Java/1.8.0_144)
06-15-2020 00:15:35 LoggingManagedHttpClientConnection.java DEBUG [Forwarding maximizeCurrentWindow on session fee92b64-ec83-4b15-8cd8-60e359a33e69 to remote] http.headers 136 - http-outgoing-1 >> Accept-Encoding: gzip,deflate
06-15-2020 00:15:35 Wire.java DEBUG [Forwarding maximizeCurrentWindow on session fee92b64-ec83-4b15-8cd8-60e359a33e69 to remote] http.wire 73 - http-outgoing-1 >> "POST /session/fee92b64-ec83-4b15-8cd8-60e359a33e69/window/maximize HTTP/1.1[\r][\n]"
06-15-2020 00:15:35 Wire.java DEBUG [Forwarding maximizeCurrentWindow on session fee92b64-ec83-4b15-8cd8-60e359a33e69 to remote] http.wire 73 - http-outgoing-1 >> "Content-Type: application/json; charset=utf-8[\r][\n]"
06-15-2020 00:15:35 Wire.java DEBUG [Forwarding maximizeCurrentWindow on session fee92b64-ec83-4b15-8cd8-60e359a33e69 to remote] http.wire 73 - http-outgoing-1 >> "Content-Length: 2[\r][\n]"
06-15-2020 00:15:35 Wire.java DEBUG [Forwarding maximizeCurrentWindow on session fee92b64-ec83-4b15-8cd8-60e359a33e69 to remote] http.wire 73 - http-outgoing-1 >> "Host: localhost:18069[\r][\n]"
06-15-2020 00:15:35 Wire.java DEBUG [Forwarding maximizeCurrentWindow on session fee92b64-ec83-4b15-8cd8-60e359a33e69 to remote] http.wire 73 - http-outgoing-1 >> "Connection: Keep-Alive[\r][\n]"
06-15-2020 00:15:35 Wire.java DEBUG [Forwarding maximizeCurrentWindow on session fee92b64-ec83-4b15-8cd8-60e359a33e69 to remote] http.wire 73 - http-outgoing-1 >> "User-Agent: Apache-HttpClient/4.5.3 (Java/1.8.0_144)[\r][\n]"
06-15-2020 00:15:35 Wire.java DEBUG [Forwarding maximizeCurrentWindow on session fee92b64-ec83-4b15-8cd8-60e359a33e69 to remote] http.wire 73 - http-outgoing-1 >> "Accept-Encoding: gzip,deflate[\r][\n]"
06-15-2020 00:15:35 Wire.java DEBUG [Forwarding maximizeCurrentWindow on session fee92b64-ec83-4b15-8cd8-60e359a33e69 to remote] http.wire 73 - http-outgoing-1 >> "[\r][\n]"
06-15-2020 00:15:35 Wire.java DEBUG [Forwarding maximizeCurrentWindow on session fee92b64-ec83-4b15-8cd8-60e359a33e69 to remote] http.wire 87 - http-outgoing-1 >> "{}"
06-15-2020 00:15:35 Wire.java DEBUG [Forwarding maximizeCurrentWindow on session fee92b64-ec83-4b15-8cd8-60e359a33e69 to remote] http.wire 73 - http-outgoing-1 << "HTTP/1.1 200 OK[\r][\n]"
06-15-2020 00:15:35 Wire.java DEBUG [Forwarding maximizeCurrentWindow on session fee92b64-ec83-4b15-8cd8-60e359a33e69 to remote] http.wire 73 - http-outgoing-1 << "content-type: application/json; charset=utf-8[\r][\n]"
06-15-2020 00:15:35 Wire.java DEBUG [Forwarding maximizeCurrentWindow on session fee92b64-ec83-4b15-8cd8-60e359a33e69 to remote] http.wire 73 - http-outgoing-1 << "cache-control: no-cache[\r][\n]"
06-15-2020 00:15:35 Wire.java DEBUG [Forwarding maximizeCurrentWindow on session fee92b64-ec83-4b15-8cd8-60e359a33e69 to remote] http.wire 73 - http-outgoing-1 << "content-length: 52[\r][\n]"
06-15-2020 00:15:35 Wire.java DEBUG [Forwarding maximizeCurrentWindow on session fee92b64-ec83-4b15-8cd8-60e359a33e69 to remote] http.wire 73 - http-outgoing-1 << "date: Sun, 14 Jun 2020 22:15:35 GMT[\r][\n]"
06-15-2020 00:15:35 Wire.java DEBUG [Forwarding maximizeCurrentWindow on session fee92b64-ec83-4b15-8cd8-60e359a33e69 to remote] http.wire 73 - http-outgoing-1 << "[\r][\n]"
06-15-2020 00:15:35 Wire.java DEBUG [Forwarding maximizeCurrentWindow on session fee92b64-ec83-4b15-8cd8-60e359a33e69 to remote] http.wire 87 - http-outgoing-1 << "{"value":{"x":-8,"y":-8,"width":1936,"height":1056}}"
06-15-2020 00:15:35 LoggingManagedHttpClientConnection.java DEBUG [Forwarding maximizeCurrentWindow on session fee92b64-ec83-4b15-8cd8-60e359a33e69 to remote] http.headers 122 - http-outgoing-1 << HTTP/1.1 200 OK
06-15-2020 00:15:35 LoggingManagedHttpClientConnection.java DEBUG [Forwarding maximizeCurrentWindow on session fee92b64-ec83-4b15-8cd8-60e359a33e69 to remote] http.headers 125 - http-outgoing-1 << content-type: application/json; charset=utf-8
06-15-2020 00:15:35 LoggingManagedHttpClientConnection.java DEBUG [Forwarding maximizeCurrentWindow on session fee92b64-ec83-4b15-8cd8-60e359a33e69 to remote] http.headers 125 - http-outgoing-1 << cache-control: no-cache
06-15-2020 00:15:35 LoggingManagedHttpClientConnection.java DEBUG [Forwarding maximizeCurrentWindow on session fee92b64-ec83-4b15-8cd8-60e359a33e69 to remote] http.headers 125 - http-outgoing-1 << content-length: 52
06-15-2020 00:15:35 LoggingManagedHttpClientConnection.java DEBUG [Forwarding maximizeCurrentWindow on session fee92b64-ec83-4b15-8cd8-60e359a33e69 to remote] http.headers 125 - http-outgoing-1 << date: Sun, 14 Jun 2020 22:15:35 GMT
06-15-2020 00:15:35 MainClientExec.java DEBUG [Forwarding maximizeCurrentWindow on session fee92b64-ec83-4b15-8cd8-60e359a33e69 to remote] execchain.MainClientExec 285 - Connection can be kept alive indefinitely
06-15-2020 00:15:35 PoolingHttpClientConnectionManager.java DEBUG [Forwarding maximizeCurrentWindow on session fee92b64-ec83-4b15-8cd8-60e359a33e69 to remote] conn.PoolingHttpClientConnectionManager 320 - Connection [id: 1][route: {}->http://localhost:18069] can be kept alive indefinitely
06-15-2020 00:15:35 PoolingHttpClientConnectionManager.java DEBUG [Forwarding maximizeCurrentWindow on session fee92b64-ec83-4b15-8cd8-60e359a33e69 to remote] conn.PoolingHttpClientConnectionManager 326 - Connection released: [id: 1][route: {}->http://localhost:18069][total kept alive: 1; route allocated: 1 of 2000; total allocated: 1 of 2000]
]]></system-out>
    <system-err><![CDATA[1592172931640	mozrunner::runner	INFO	Running command: "C:\\Program Files\\Mozilla Firefox\\firefox.exe" "-marionette" "-foreground" "-no-remote" "-profile" "C:\\Users\\mmahran\\AppData\\Local\\Temp\\rust_mozprofileqZfdR7"
1592172932646	addons.webextension.screenshots@mozilla.org	WARN	Loading extension 'screenshots@mozilla.org': Reading manifest: Invalid extension permission: mozillaAddons
1592172932646	addons.webextension.screenshots@mozilla.org	WARN	Loading extension 'screenshots@mozilla.org': Reading manifest: Invalid extension permission: telemetry
1592172932646	addons.webextension.screenshots@mozilla.org	WARN	Loading extension 'screenshots@mozilla.org': Reading manifest: Invalid extension permission: resource://pdf.js/
1592172932647	addons.webextension.screenshots@mozilla.org	WARN	Loading extension 'screenshots@mozilla.org': Reading manifest: Invalid extension permission: about:reader*
JavaScript error: resource://gre/modules/XULStore.jsm, line 66: Error: Can't find profile directory.
1592172934906	Marionette	INFO	Listening on port 4609
Jun 15, 2020 12:15:35 AM org.openqa.selenium.remote.ProtocolHandshake createSession
INFO: Detected dialect: W3C
]]></system-err>
  </testcase>
</testsuite>