<?xml version="1.0" encoding="UTF-8"?>
<testsuite name="TestSuite" time="1.219" tests="2" errors="0" skipped="0" failures="2">
  <properties>
[...]
</properties>
  <testcase name="testCountsOfProductListForEachMainProduct" classname="tests.MenuTests" time="1.219">
    <failure message="expected [2] but found [1]" type="java.lang.AssertionError">java.lang.AssertionError: expected [2] but found [1]
	at org.testng.Assert.fail(Assert.java:94)
	at org.testng.Assert.failNotEquals(Assert.java:496)
	at org.testng.Assert.assertEquals(Assert.java:125)
	at org.testng.Assert.assertEquals(Assert.java:372)
	at org.testng.Assert.assertEquals(Assert.java:382)
	at tests.MenuTests.testCountsOfProductListForEachMainProduct(MenuTests.java:25)
</failure>
    <system-out><![CDATA[07-09-2020 03:55:17 RequestAddCookies.java DEBUG [Forwarding newSession on session null to remote] protocol.RequestAddCookies 123 - CookieSpec selected: default
07-09-2020 03:55:17 RequestAuthCache.java DEBUG [Forwarding newSession on session null to remote] protocol.RequestAuthCache 77 - Auth cache not set in the context
07-09-2020 03:55:17 PoolingHttpClientConnectionManager.java DEBUG [Forwarding newSession on session null to remote] conn.PoolingHttpClientConnectionManager 255 - Connection request: [route: {}->http://localhost:46632][total kept alive: 0; route allocated: 0 of 2000; total allocated: 0 of 2000]
07-09-2020 03:55:17 PoolingHttpClientConnectionManager.java DEBUG [Forwarding newSession on session null to remote] conn.PoolingHttpClientConnectionManager 288 - Connection leased: [id: 0][route: {}->http://localhost:46632][total kept alive: 0; route allocated: 1 of 2000; total allocated: 1 of 2000]
07-09-2020 03:55:17 MainClientExec.java DEBUG [Forwarding newSession on session null to remote] execchain.MainClientExec 235 - Opening connection {}->http://localhost:46632
07-09-2020 03:55:17 DefaultHttpClientConnectionOperator.java DEBUG [Forwarding newSession on session null to remote] conn.DefaultHttpClientConnectionOperator 139 - Connecting to localhost/127.0.0.1:46632
07-09-2020 03:55:17 DefaultHttpClientConnectionOperator.java DEBUG [Forwarding newSession on session null to remote] conn.DefaultHttpClientConnectionOperator 146 - Connection established 127.0.0.1:39254<->127.0.0.1:46632
07-09-2020 03:55:17 LoggingManagedHttpClientConnection.java DEBUG [Forwarding newSession on session null to remote] conn.DefaultManagedHttpClientConnection 88 - http-outgoing-0: set socket timeout to 10800000
07-09-2020 03:55:17 MainClientExec.java DEBUG [Forwarding newSession on session null to remote] execchain.MainClientExec 256 - Executing request POST /session HTTP/1.1
07-09-2020 03:55:17 MainClientExec.java DEBUG [Forwarding newSession on session null to remote] execchain.MainClientExec 261 - Target auth state: UNCHALLENGED
07-09-2020 03:55:17 MainClientExec.java DEBUG [Forwarding newSession on session null to remote] execchain.MainClientExec 267 - Proxy auth state: UNCHALLENGED
07-09-2020 03:55:17 LoggingManagedHttpClientConnection.java DEBUG [Forwarding newSession on session null to remote] http.headers 133 - http-outgoing-0 >> POST /session HTTP/1.1
07-09-2020 03:55:17 LoggingManagedHttpClientConnection.java DEBUG [Forwarding newSession on session null to remote] http.headers 136 - http-outgoing-0 >> Content-Type: application/json; charset=utf-8
07-09-2020 03:55:17 LoggingManagedHttpClientConnection.java DEBUG [Forwarding newSession on session null to remote] http.headers 136 - http-outgoing-0 >> Content-Length: 550
07-09-2020 03:55:17 LoggingManagedHttpClientConnection.java DEBUG [Forwarding newSession on session null to remote] http.headers 136 - http-outgoing-0 >> Host: localhost:46632
07-09-2020 03:55:17 LoggingManagedHttpClientConnection.java DEBUG [Forwarding newSession on session null to remote] http.headers 136 - http-outgoing-0 >> Connection: Keep-Alive
07-09-2020 03:55:17 LoggingManagedHttpClientConnection.java DEBUG [Forwarding newSession on session null to remote] http.headers 136 - http-outgoing-0 >> User-Agent: Apache-HttpClient/4.5.3 (Java/1.8.0_144)
07-09-2020 03:55:17 LoggingManagedHttpClientConnection.java DEBUG [Forwarding newSession on session null to remote] http.headers 136 - http-outgoing-0 >> Accept-Encoding: gzip,deflate
07-09-2020 03:55:17 Wire.java DEBUG [Forwarding newSession on session null to remote] http.wire 73 - http-outgoing-0 >> "POST /session HTTP/1.1[\r][\n]"
07-09-2020 03:55:17 Wire.java DEBUG [Forwarding newSession on session null to remote] http.wire 73 - http-outgoing-0 >> "Content-Type: application/json; charset=utf-8[\r][\n]"
07-09-2020 03:55:17 Wire.java DEBUG [Forwarding newSession on session null to remote] http.wire 73 - http-outgoing-0 >> "Content-Length: 550[\r][\n]"
07-09-2020 03:55:17 Wire.java DEBUG [Forwarding newSession on session null to remote] http.wire 73 - http-outgoing-0 >> "Host: localhost:46632[\r][\n]"
07-09-2020 03:55:17 Wire.java DEBUG [Forwarding newSession on session null to remote] http.wire 73 - http-outgoing-0 >> "Connection: Keep-Alive[\r][\n]"
07-09-2020 03:55:17 Wire.java DEBUG [Forwarding newSession on session null to remote] http.wire 73 - http-outgoing-0 >> "User-Agent: Apache-HttpClient/4.5.3 (Java/1.8.0_144)[\r][\n]"
07-09-2020 03:55:17 Wire.java DEBUG [Forwarding newSession on session null to remote] http.wire 73 - http-outgoing-0 >> "Accept-Encoding: gzip,deflate[\r][\n]"
07-09-2020 03:55:17 Wire.java DEBUG [Forwarding newSession on session null to remote] http.wire 73 - http-outgoing-0 >> "[\r][\n]"
07-09-2020 03:55:17 Wire.java DEBUG [Forwarding newSession on session null to remote] http.wire 73 - http-outgoing-0 >> "{[\n]"
07-09-2020 03:55:17 Wire.java DEBUG [Forwarding newSession on session null to remote] http.wire 73 - http-outgoing-0 >> "  "desiredCapabilities": {[\n]"
07-09-2020 03:55:17 Wire.java DEBUG [Forwarding newSession on session null to remote] http.wire 73 - http-outgoing-0 >> "    "browserName": "chrome",[\n]"
07-09-2020 03:55:17 Wire.java DEBUG [Forwarding newSession on session null to remote] http.wire 73 - http-outgoing-0 >> "    "chromeOptions": {[\n]"
07-09-2020 03:55:17 Wire.java DEBUG [Forwarding newSession on session null to remote] http.wire 73 - http-outgoing-0 >> "      "args": [],[\n]"
07-09-2020 03:55:17 Wire.java DEBUG [Forwarding newSession on session null to remote] http.wire 73 - http-outgoing-0 >> "      "extensions": [][\n]"
07-09-2020 03:55:17 Wire.java DEBUG [Forwarding newSession on session null to remote] http.wire 73 - http-outgoing-0 >> "    },[\n]"
07-09-2020 03:55:17 Wire.java DEBUG [Forwarding newSession on session null to remote] http.wire 73 - http-outgoing-0 >> "    "version": "",[\n]"
07-09-2020 03:55:17 Wire.java DEBUG [Forwarding newSession on session null to remote] http.wire 73 - http-outgoing-0 >> "    "platform": "ANY"[\n]"
07-09-2020 03:55:17 Wire.java DEBUG [Forwarding newSession on session null to remote] http.wire 73 - http-outgoing-0 >> "  },[\n]"
07-09-2020 03:55:17 Wire.java DEBUG [Forwarding newSession on session null to remote] http.wire 73 - http-outgoing-0 >> "  "requiredCapabilities": {},[\n]"
07-09-2020 03:55:17 Wire.java DEBUG [Forwarding newSession on session null to remote] http.wire 73 - http-outgoing-0 >> "  "capabilities": {[\n]"
07-09-2020 03:55:17 Wire.java DEBUG [Forwarding newSession on session null to remote] http.wire 73 - http-outgoing-0 >> "    "desiredCapabilities": {[\n]"
07-09-2020 03:55:17 Wire.java DEBUG [Forwarding newSession on session null to remote] http.wire 73 - http-outgoing-0 >> "      "browserName": "chrome",[\n]"
07-09-2020 03:55:17 Wire.java DEBUG [Forwarding newSession on session null to remote] http.wire 73 - http-outgoing-0 >> "      "chromeOptions": {[\n]"
07-09-2020 03:55:17 Wire.java DEBUG [Forwarding newSession on session null to remote] http.wire 73 - http-outgoing-0 >> "        "args": [],[\n]"
07-09-2020 03:55:17 Wire.java DEBUG [Forwarding newSession on session null to remote] http.wire 73 - http-outgoing-0 >> "        "extensions": [][\n]"
07-09-2020 03:55:17 Wire.java DEBUG [Forwarding newSession on session null to remote] http.wire 73 - http-outgoing-0 >> "      },[\n]"
07-09-2020 03:55:17 Wire.java DEBUG [Forwarding newSession on session null to remote] http.wire 73 - http-outgoing-0 >> "      "version": "",[\n]"
07-09-2020 03:55:17 Wire.java DEBUG [Forwarding newSession on session null to remote] http.wire 73 - http-outgoing-0 >> "      "platform": "ANY"[\n]"
07-09-2020 03:55:17 Wire.java DEBUG [Forwarding newSession on session null to remote] http.wire 73 - http-outgoing-0 >> "    },[\n]"
07-09-2020 03:55:17 Wire.java DEBUG [Forwarding newSession on session null to remote] http.wire 73 - http-outgoing-0 >> "    "requiredCapabilities": {},[\n]"
07-09-2020 03:55:17 Wire.java DEBUG [Forwarding newSession on session null to remote] http.wire 73 - http-outgoing-0 >> "    "alwaysMatch": {},[\n]"
07-09-2020 03:55:17 Wire.java DEBUG [Forwarding newSession on session null to remote] http.wire 73 - http-outgoing-0 >> "    "firstMatch": [[\n]"
07-09-2020 03:55:17 Wire.java DEBUG [Forwarding newSession on session null to remote] http.wire 73 - http-outgoing-0 >> "      {[\n]"
07-09-2020 03:55:17 Wire.java DEBUG [Forwarding newSession on session null to remote] http.wire 73 - http-outgoing-0 >> "        "browserName": "chrome"[\n]"
07-09-2020 03:55:17 Wire.java DEBUG [Forwarding newSession on session null to remote] http.wire 73 - http-outgoing-0 >> "      }[\n]"
07-09-2020 03:55:17 Wire.java DEBUG [Forwarding newSession on session null to remote] http.wire 73 - http-outgoing-0 >> "    ][\n]"
07-09-2020 03:55:17 Wire.java DEBUG [Forwarding newSession on session null to remote] http.wire 73 - http-outgoing-0 >> "  }[\n]"
07-09-2020 03:55:17 Wire.java DEBUG [Forwarding newSession on session null to remote] http.wire 87 - http-outgoing-0 >> "}"
07-09-2020 03:55:20 Wire.java DEBUG [Forwarding newSession on session null to remote] http.wire 73 - http-outgoing-0 << "HTTP/1.1 200 OK[\r][\n]"
07-09-2020 03:55:20 Wire.java DEBUG [Forwarding newSession on session null to remote] http.wire 73 - http-outgoing-0 << "Content-Length:720[\r][\n]"
07-09-2020 03:55:20 Wire.java DEBUG [Forwarding newSession on session null to remote] http.wire 73 - http-outgoing-0 << "Content-Type:application/json; charset=utf-8[\r][\n]"
07-09-2020 03:55:20 Wire.java DEBUG [Forwarding newSession on session null to remote] http.wire 73 - http-outgoing-0 << "cache-control:no-cache[\r][\n]"
07-09-2020 03:55:20 Wire.java DEBUG [Forwarding newSession on session null to remote] http.wire 73 - http-outgoing-0 << "[\r][\n]"
07-09-2020 03:55:20 Wire.java DEBUG [Forwarding newSession on session null to remote] http.wire 87 - http-outgoing-0 << "{"value":{"capabilities":{"acceptInsecureCerts":false,"browserName":"chrome","browserVersion":"83.0.4103.116","chrome":{"chromedriverVersion":"83.0.4103.39 (ccbf011cb2d2b19b506d844400483861342c20cd-refs/branch-heads/4103@{#416})","userDataDir":"C:\\Users\\mmahran\\AppData\\Local\\Temp\\scoped_dir32016_1402971614"},"goog:chromeOptions":{"debuggerAddress":"localhost:39255"},"networkConnectionEnabled":false,"pageLoadStrategy":"normal","platformName":"windows","proxy":{},"setWindowRect":true,"strictFileInteractability":false,"timeouts":{"implicit":0,"pageLoad":300000,"script":30000},"unhandledPromptBehavior":"dismiss and notify","webauthn:virtualAuthenticators":true},"sessionId":"6feed7a512c1539f31718aa41fdf8649"}}"
07-09-2020 03:55:20 LoggingManagedHttpClientConnection.java DEBUG [Forwarding newSession on session null to remote] http.headers 122 - http-outgoing-0 << HTTP/1.1 200 OK
07-09-2020 03:55:20 LoggingManagedHttpClientConnection.java DEBUG [Forwarding newSession on session null to remote] http.headers 125 - http-outgoing-0 << Content-Length:720
07-09-2020 03:55:20 LoggingManagedHttpClientConnection.java DEBUG [Forwarding newSession on session null to remote] http.headers 125 - http-outgoing-0 << Content-Type:application/json; charset=utf-8
07-09-2020 03:55:20 LoggingManagedHttpClientConnection.java DEBUG [Forwarding newSession on session null to remote] http.headers 125 - http-outgoing-0 << cache-control:no-cache
07-09-2020 03:55:20 MainClientExec.java DEBUG [Forwarding newSession on session null to remote] execchain.MainClientExec 285 - Connection can be kept alive indefinitely
07-09-2020 03:55:20 PoolingHttpClientConnectionManager.java DEBUG [Forwarding newSession on session null to remote] conn.PoolingHttpClientConnectionManager 320 - Connection [id: 0][route: {}->http://localhost:46632] can be kept alive indefinitely
07-09-2020 03:55:20 PoolingHttpClientConnectionManager.java DEBUG [Forwarding newSession on session null to remote] conn.PoolingHttpClientConnectionManager 326 - Connection released: [id: 0][route: {}->http://localhost:46632][total kept alive: 1; route allocated: 1 of 2000; total allocated: 1 of 2000]
07-09-2020 03:55:20 RequestAddCookies.java DEBUG [Forwarding setTimeout on session 6feed7a512c1539f31718aa41fdf8649 to remote] protocol.RequestAddCookies 123 - CookieSpec selected: default
07-09-2020 03:55:20 RequestAuthCache.java DEBUG [Forwarding setTimeout on session 6feed7a512c1539f31718aa41fdf8649 to remote] protocol.RequestAuthCache 77 - Auth cache not set in the context
07-09-2020 03:55:20 PoolingHttpClientConnectionManager.java DEBUG [Forwarding setTimeout on session 6feed7a512c1539f31718aa41fdf8649 to remote] conn.PoolingHttpClientConnectionManager 255 - Connection request: [route: {}->http://localhost:46632][total kept alive: 1; route allocated: 1 of 2000; total allocated: 1 of 2000]
07-09-2020 03:55:20 PoolingHttpClientConnectionManager.java DEBUG [Forwarding setTimeout on session 6feed7a512c1539f31718aa41fdf8649 to remote] conn.PoolingHttpClientConnectionManager 288 - Connection leased: [id: 0][route: {}->http://localhost:46632][total kept alive: 0; route allocated: 1 of 2000; total allocated: 1 of 2000]
07-09-2020 03:55:20 MainClientExec.java DEBUG [Forwarding setTimeout on session 6feed7a512c1539f31718aa41fdf8649 to remote] execchain.MainClientExec 208 - Stale connection check
07-09-2020 03:55:20 Wire.java DEBUG [Forwarding setTimeout on session 6feed7a512c1539f31718aa41fdf8649 to remote] http.wire 87 - http-outgoing-0 << "[read] I/O error: Read timed out"
07-09-2020 03:55:20 LoggingManagedHttpClientConnection.java DEBUG [Forwarding setTimeout on session 6feed7a512c1539f31718aa41fdf8649 to remote] conn.DefaultManagedHttpClientConnection 88 - http-outgoing-0: set socket timeout to 10800000
07-09-2020 03:55:20 MainClientExec.java DEBUG [Forwarding setTimeout on session 6feed7a512c1539f31718aa41fdf8649 to remote] execchain.MainClientExec 256 - Executing request POST /session/6feed7a512c1539f31718aa41fdf8649/timeouts HTTP/1.1
07-09-2020 03:55:20 MainClientExec.java DEBUG [Forwarding setTimeout on session 6feed7a512c1539f31718aa41fdf8649 to remote] execchain.MainClientExec 261 - Target auth state: UNCHALLENGED
07-09-2020 03:55:20 MainClientExec.java DEBUG [Forwarding setTimeout on session 6feed7a512c1539f31718aa41fdf8649 to remote] execchain.MainClientExec 267 - Proxy auth state: UNCHALLENGED
07-09-2020 03:55:20 LoggingManagedHttpClientConnection.java DEBUG [Forwarding setTimeout on session 6feed7a512c1539f31718aa41fdf8649 to remote] http.headers 133 - http-outgoing-0 >> POST /session/6feed7a512c1539f31718aa41fdf8649/timeouts HTTP/1.1
07-09-2020 03:55:20 LoggingManagedHttpClientConnection.java DEBUG [Forwarding setTimeout on session 6feed7a512c1539f31718aa41fdf8649 to remote] http.headers 136 - http-outgoing-0 >> Content-Type: application/json; charset=utf-8
07-09-2020 03:55:20 LoggingManagedHttpClientConnection.java DEBUG [Forwarding setTimeout on session 6feed7a512c1539f31718aa41fdf8649 to remote] http.headers 136 - http-outgoing-0 >> Content-Length: 18
07-09-2020 03:55:20 LoggingManagedHttpClientConnection.java DEBUG [Forwarding setTimeout on session 6feed7a512c1539f31718aa41fdf8649 to remote] http.headers 136 - http-outgoing-0 >> Host: localhost:46632
07-09-2020 03:55:20 LoggingManagedHttpClientConnection.java DEBUG [Forwarding setTimeout on session 6feed7a512c1539f31718aa41fdf8649 to remote] http.headers 136 - http-outgoing-0 >> Connection: Keep-Alive
07-09-2020 03:55:20 LoggingManagedHttpClientConnection.java DEBUG [Forwarding setTimeout on session 6feed7a512c1539f31718aa41fdf8649 to remote] http.headers 136 - http-outgoing-0 >> User-Agent: Apache-HttpClient/4.5.3 (Java/1.8.0_144)
07-09-2020 03:55:20 LoggingManagedHttpClientConnection.java DEBUG [Forwarding setTimeout on session 6feed7a512c1539f31718aa41fdf8649 to remote] http.headers 136 - http-outgoing-0 >> Accept-Encoding: gzip,deflate
07-09-2020 03:55:20 Wire.java DEBUG [Forwarding setTimeout on session 6feed7a512c1539f31718aa41fdf8649 to remote] http.wire 73 - http-outgoing-0 >> "POST /session/6feed7a512c1539f31718aa41fdf8649/timeouts HTTP/1.1[\r][\n]"
07-09-2020 03:55:20 Wire.java DEBUG [Forwarding setTimeout on session 6feed7a512c1539f31718aa41fdf8649 to remote] http.wire 73 - http-outgoing-0 >> "Content-Type: application/json; charset=utf-8[\r][\n]"
07-09-2020 03:55:20 Wire.java DEBUG [Forwarding setTimeout on session 6feed7a512c1539f31718aa41fdf8649 to remote] http.wire 73 - http-outgoing-0 >> "Content-Length: 18[\r][\n]"
07-09-2020 03:55:20 Wire.java DEBUG [Forwarding setTimeout on session 6feed7a512c1539f31718aa41fdf8649 to remote] http.wire 73 - http-outgoing-0 >> "Host: localhost:46632[\r][\n]"
07-09-2020 03:55:20 Wire.java DEBUG [Forwarding setTimeout on session 6feed7a512c1539f31718aa41fdf8649 to remote] http.wire 73 - http-outgoing-0 >> "Connection: Keep-Alive[\r][\n]"
07-09-2020 03:55:20 Wire.java DEBUG [Forwarding setTimeout on session 6feed7a512c1539f31718aa41fdf8649 to remote] http.wire 73 - http-outgoing-0 >> "User-Agent: Apache-HttpClient/4.5.3 (Java/1.8.0_144)[\r][\n]"
07-09-2020 03:55:20 Wire.java DEBUG [Forwarding setTimeout on session 6feed7a512c1539f31718aa41fdf8649 to remote] http.wire 73 - http-outgoing-0 >> "Accept-Encoding: gzip,deflate[\r][\n]"
07-09-2020 03:55:20 Wire.java DEBUG [Forwarding setTimeout on session 6feed7a512c1539f31718aa41fdf8649 to remote] http.wire 73 - http-outgoing-0 >> "[\r][\n]"
07-09-2020 03:55:20 Wire.java DEBUG [Forwarding setTimeout on session 6feed7a512c1539f31718aa41fdf8649 to remote] http.wire 87 - http-outgoing-0 >> "{"implicit":10000}"
07-09-2020 03:55:20 Wire.java DEBUG [Forwarding setTimeout on session 6feed7a512c1539f31718aa41fdf8649 to remote] http.wire 73 - http-outgoing-0 << "HTTP/1.1 200 OK[\r][\n]"
07-09-2020 03:55:20 Wire.java DEBUG [Forwarding setTimeout on session 6feed7a512c1539f31718aa41fdf8649 to remote] http.wire 73 - http-outgoing-0 << "Content-Length:14[\r][\n]"
07-09-2020 03:55:20 Wire.java DEBUG [Forwarding setTimeout on session 6feed7a512c1539f31718aa41fdf8649 to remote] http.wire 73 - http-outgoing-0 << "Content-Type:application/json; charset=utf-8[\r][\n]"
07-09-2020 03:55:20 Wire.java DEBUG [Forwarding setTimeout on session 6feed7a512c1539f31718aa41fdf8649 to remote] http.wire 73 - http-outgoing-0 << "cache-control:no-cache[\r][\n]"
07-09-2020 03:55:20 Wire.java DEBUG [Forwarding setTimeout on session 6feed7a512c1539f31718aa41fdf8649 to remote] http.wire 73 - http-outgoing-0 << "[\r][\n]"
07-09-2020 03:55:20 Wire.java DEBUG [Forwarding setTimeout on session 6feed7a512c1539f31718aa41fdf8649 to remote] http.wire 87 - http-outgoing-0 << "{"value":null}"
07-09-2020 03:55:20 LoggingManagedHttpClientConnection.java DEBUG [Forwarding setTimeout on session 6feed7a512c1539f31718aa41fdf8649 to remote] http.headers 122 - http-outgoing-0 << HTTP/1.1 200 OK
07-09-2020 03:55:20 LoggingManagedHttpClientConnection.java DEBUG [Forwarding setTimeout on session 6feed7a512c1539f31718aa41fdf8649 to remote] http.headers 125 - http-outgoing-0 << Content-Length:14
07-09-2020 03:55:20 LoggingManagedHttpClientConnection.java DEBUG [Forwarding setTimeout on session 6feed7a512c1539f31718aa41fdf8649 to remote] http.headers 125 - http-outgoing-0 << Content-Type:application/json; charset=utf-8
07-09-2020 03:55:20 LoggingManagedHttpClientConnection.java DEBUG [Forwarding setTimeout on session 6feed7a512c1539f31718aa41fdf8649 to remote] http.headers 125 - http-outgoing-0 << cache-control:no-cache
07-09-2020 03:55:20 MainClientExec.java DEBUG [Forwarding setTimeout on session 6feed7a512c1539f31718aa41fdf8649 to remote] execchain.MainClientExec 285 - Connection can be kept alive indefinitely
07-09-2020 03:55:20 PoolingHttpClientConnectionManager.java DEBUG [Forwarding setTimeout on session 6feed7a512c1539f31718aa41fdf8649 to remote] conn.PoolingHttpClientConnectionManager 320 - Connection [id: 0][route: {}->http://localhost:46632] can be kept alive indefinitely
07-09-2020 03:55:20 PoolingHttpClientConnectionManager.java DEBUG [Forwarding setTimeout on session 6feed7a512c1539f31718aa41fdf8649 to remote] conn.PoolingHttpClientConnectionManager 326 - Connection released: [id: 0][route: {}->http://localhost:46632][total kept alive: 1; route allocated: 1 of 2000; total allocated: 1 of 2000]
07-09-2020 03:55:20 RequestAddCookies.java DEBUG [Forwarding maximizeCurrentWindow on session 6feed7a512c1539f31718aa41fdf8649 to remote] protocol.RequestAddCookies 123 - CookieSpec selected: default
07-09-2020 03:55:20 RequestAuthCache.java DEBUG [Forwarding maximizeCurrentWindow on session 6feed7a512c1539f31718aa41fdf8649 to remote] protocol.RequestAuthCache 77 - Auth cache not set in the context
07-09-2020 03:55:20 PoolingHttpClientConnectionManager.java DEBUG [Forwarding maximizeCurrentWindow on session 6feed7a512c1539f31718aa41fdf8649 to remote] conn.PoolingHttpClientConnectionManager 255 - Connection request: [route: {}->http://localhost:46632][total kept alive: 1; route allocated: 1 of 2000; total allocated: 1 of 2000]
07-09-2020 03:55:20 PoolingHttpClientConnectionManager.java DEBUG [Forwarding maximizeCurrentWindow on session 6feed7a512c1539f31718aa41fdf8649 to remote] conn.PoolingHttpClientConnectionManager 288 - Connection leased: [id: 0][route: {}->http://localhost:46632][total kept alive: 0; route allocated: 1 of 2000; total allocated: 1 of 2000]
07-09-2020 03:55:20 MainClientExec.java DEBUG [Forwarding maximizeCurrentWindow on session 6feed7a512c1539f31718aa41fdf8649 to remote] execchain.MainClientExec 208 - Stale connection check
07-09-2020 03:55:20 Wire.java DEBUG [Forwarding maximizeCurrentWindow on session 6feed7a512c1539f31718aa41fdf8649 to remote] http.wire 87 - http-outgoing-0 << "[read] I/O error: Read timed out"
07-09-2020 03:55:20 LoggingManagedHttpClientConnection.java DEBUG [Forwarding maximizeCurrentWindow on session 6feed7a512c1539f31718aa41fdf8649 to remote] conn.DefaultManagedHttpClientConnection 88 - http-outgoing-0: set socket timeout to 10800000
07-09-2020 03:55:20 MainClientExec.java DEBUG [Forwarding maximizeCurrentWindow on session 6feed7a512c1539f31718aa41fdf8649 to remote] execchain.MainClientExec 256 - Executing request POST /session/6feed7a512c1539f31718aa41fdf8649/window/maximize HTTP/1.1
07-09-2020 03:55:20 MainClientExec.java DEBUG [Forwarding maximizeCurrentWindow on session 6feed7a512c1539f31718aa41fdf8649 to remote] execchain.MainClientExec 261 - Target auth state: UNCHALLENGED
07-09-2020 03:55:20 MainClientExec.java DEBUG [Forwarding maximizeCurrentWindow on session 6feed7a512c1539f31718aa41fdf8649 to remote] execchain.MainClientExec 267 - Proxy auth state: UNCHALLENGED
07-09-2020 03:55:20 LoggingManagedHttpClientConnection.java DEBUG [Forwarding maximizeCurrentWindow on session 6feed7a512c1539f31718aa41fdf8649 to remote] http.headers 133 - http-outgoing-0 >> POST /session/6feed7a512c1539f31718aa41fdf8649/window/maximize HTTP/1.1
07-09-2020 03:55:20 LoggingManagedHttpClientConnection.java DEBUG [Forwarding maximizeCurrentWindow on session 6feed7a512c1539f31718aa41fdf8649 to remote] http.headers 136 - http-outgoing-0 >> Content-Type: application/json; charset=utf-8
07-09-2020 03:55:20 LoggingManagedHttpClientConnection.java DEBUG [Forwarding maximizeCurrentWindow on session 6feed7a512c1539f31718aa41fdf8649 to remote] http.headers 136 - http-outgoing-0 >> Content-Length: 2
07-09-2020 03:55:20 LoggingManagedHttpClientConnection.java DEBUG [Forwarding maximizeCurrentWindow on session 6feed7a512c1539f31718aa41fdf8649 to remote] http.headers 136 - http-outgoing-0 >> Host: localhost:46632
07-09-2020 03:55:20 LoggingManagedHttpClientConnection.java DEBUG [Forwarding maximizeCurrentWindow on session 6feed7a512c1539f31718aa41fdf8649 to remote] http.headers 136 - http-outgoing-0 >> Connection: Keep-Alive
07-09-2020 03:55:20 LoggingManagedHttpClientConnection.java DEBUG [Forwarding maximizeCurrentWindow on session 6feed7a512c1539f31718aa41fdf8649 to remote] http.headers 136 - http-outgoing-0 >> User-Agent: Apache-HttpClient/4.5.3 (Java/1.8.0_144)
07-09-2020 03:55:20 LoggingManagedHttpClientConnection.java DEBUG [Forwarding maximizeCurrentWindow on session 6feed7a512c1539f31718aa41fdf8649 to remote] http.headers 136 - http-outgoing-0 >> Accept-Encoding: gzip,deflate
07-09-2020 03:55:20 Wire.java DEBUG [Forwarding maximizeCurrentWindow on session 6feed7a512c1539f31718aa41fdf8649 to remote] http.wire 73 - http-outgoing-0 >> "POST /session/6feed7a512c1539f31718aa41fdf8649/window/maximize HTTP/1.1[\r][\n]"
07-09-2020 03:55:20 Wire.java DEBUG [Forwarding maximizeCurrentWindow on session 6feed7a512c1539f31718aa41fdf8649 to remote] http.wire 73 - http-outgoing-0 >> "Content-Type: application/json; charset=utf-8[\r][\n]"
07-09-2020 03:55:20 Wire.java DEBUG [Forwarding maximizeCurrentWindow on session 6feed7a512c1539f31718aa41fdf8649 to remote] http.wire 73 - http-outgoing-0 >> "Content-Length: 2[\r][\n]"
07-09-2020 03:55:20 Wire.java DEBUG [Forwarding maximizeCurrentWindow on session 6feed7a512c1539f31718aa41fdf8649 to remote] http.wire 73 - http-outgoing-0 >> "Host: localhost:46632[\r][\n]"
07-09-2020 03:55:20 Wire.java DEBUG [Forwarding maximizeCurrentWindow on session 6feed7a512c1539f31718aa41fdf8649 to remote] http.wire 73 - http-outgoing-0 >> "Connection: Keep-Alive[\r][\n]"
07-09-2020 03:55:20 Wire.java DEBUG [Forwarding maximizeCurrentWindow on session 6feed7a512c1539f31718aa41fdf8649 to remote] http.wire 73 - http-outgoing-0 >> "User-Agent: Apache-HttpClient/4.5.3 (Java/1.8.0_144)[\r][\n]"
07-09-2020 03:55:20 Wire.java DEBUG [Forwarding maximizeCurrentWindow on session 6feed7a512c1539f31718aa41fdf8649 to remote] http.wire 73 - http-outgoing-0 >> "Accept-Encoding: gzip,deflate[\r][\n]"
07-09-2020 03:55:20 Wire.java DEBUG [Forwarding maximizeCurrentWindow on session 6feed7a512c1539f31718aa41fdf8649 to remote] http.wire 73 - http-outgoing-0 >> "[\r][\n]"
07-09-2020 03:55:20 Wire.java DEBUG [Forwarding maximizeCurrentWindow on session 6feed7a512c1539f31718aa41fdf8649 to remote] http.wire 87 - http-outgoing-0 >> "{}"
07-09-2020 03:55:22 Wire.java DEBUG [Forwarding maximizeCurrentWindow on session 6feed7a512c1539f31718aa41fdf8649 to remote] http.wire 73 - http-outgoing-0 << "HTTP/1.1 200 OK[\r][\n]"
07-09-2020 03:55:22 Wire.java DEBUG [Forwarding maximizeCurrentWindow on session 6feed7a512c1539f31718aa41fdf8649 to remote] http.wire 73 - http-outgoing-0 << "Content-Length:52[\r][\n]"
07-09-2020 03:55:22 Wire.java DEBUG [Forwarding maximizeCurrentWindow on session 6feed7a512c1539f31718aa41fdf8649 to remote] http.wire 73 - http-outgoing-0 << "Content-Type:application/json; charset=utf-8[\r][\n]"
07-09-2020 03:55:22 Wire.java DEBUG [Forwarding maximizeCurrentWindow on session 6feed7a512c1539f31718aa41fdf8649 to remote] http.wire 73 - http-outgoing-0 << "cache-control:no-cache[\r][\n]"
07-09-2020 03:55:22 Wire.java DEBUG [Forwarding maximizeCurrentWindow on session 6feed7a512c1539f31718aa41fdf8649 to remote] http.wire 73 - http-outgoing-0 << "[\r][\n]"
07-09-2020 03:55:22 Wire.java DEBUG [Forwarding maximizeCurrentWindow on session 6feed7a512c1539f31718aa41fdf8649 to remote] http.wire 87 - http-outgoing-0 << "{"value":{"height":1056,"width":1936,"x":-8,"y":-8}}"
07-09-2020 03:55:22 LoggingManagedHttpClientConnection.java DEBUG [Forwarding maximizeCurrentWindow on session 6feed7a512c1539f31718aa41fdf8649 to remote] http.headers 122 - http-outgoing-0 << HTTP/1.1 200 OK
07-09-2020 03:55:22 LoggingManagedHttpClientConnection.java DEBUG [Forwarding maximizeCurrentWindow on session 6feed7a512c1539f31718aa41fdf8649 to remote] http.headers 125 - http-outgoing-0 << Content-Length:52
07-09-2020 03:55:22 LoggingManagedHttpClientConnection.java DEBUG [Forwarding maximizeCurrentWindow on session 6feed7a512c1539f31718aa41fdf8649 to remote] http.headers 125 - http-outgoing-0 << Content-Type:application/json; charset=utf-8
07-09-2020 03:55:22 LoggingManagedHttpClientConnection.java DEBUG [Forwarding maximizeCurrentWindow on session 6feed7a512c1539f31718aa41fdf8649 to remote] http.headers 125 - http-outgoing-0 << cache-control:no-cache
07-09-2020 03:55:22 MainClientExec.java DEBUG [Forwarding maximizeCurrentWindow on session 6feed7a512c1539f31718aa41fdf8649 to remote] execchain.MainClientExec 285 - Connection can be kept alive indefinitely
07-09-2020 03:55:22 PoolingHttpClientConnectionManager.java DEBUG [Forwarding maximizeCurrentWindow on session 6feed7a512c1539f31718aa41fdf8649 to remote] conn.PoolingHttpClientConnectionManager 320 - Connection [id: 0][route: {}->http://localhost:46632] can be kept alive indefinitely
07-09-2020 03:55:22 PoolingHttpClientConnectionManager.java DEBUG [Forwarding maximizeCurrentWindow on session 6feed7a512c1539f31718aa41fdf8649 to remote] conn.PoolingHttpClientConnectionManager 326 - Connection released: [id: 0][route: {}->http://localhost:46632][total kept alive: 1; route allocated: 1 of 2000; total allocated: 1 of 2000]
07-09-2020 03:55:23 RequestAddCookies.java DEBUG [Forwarding get on session 6feed7a512c1539f31718aa41fdf8649 to remote] protocol.RequestAddCookies 123 - CookieSpec selected: default
07-09-2020 03:55:23 RequestAuthCache.java DEBUG [Forwarding get on session 6feed7a512c1539f31718aa41fdf8649 to remote] protocol.RequestAuthCache 77 - Auth cache not set in the context
07-09-2020 03:55:23 PoolingHttpClientConnectionManager.java DEBUG [Forwarding get on session 6feed7a512c1539f31718aa41fdf8649 to remote] conn.PoolingHttpClientConnectionManager 255 - Connection request: [route: {}->http://localhost:46632][total kept alive: 1; route allocated: 1 of 2000; total allocated: 1 of 2000]
07-09-2020 03:55:23 PoolingHttpClientConnectionManager.java DEBUG [Forwarding get on session 6feed7a512c1539f31718aa41fdf8649 to remote] conn.PoolingHttpClientConnectionManager 288 - Connection leased: [id: 0][route: {}->http://localhost:46632][total kept alive: 0; route allocated: 1 of 2000; total allocated: 1 of 2000]
07-09-2020 03:55:23 MainClientExec.java DEBUG [Forwarding get on session 6feed7a512c1539f31718aa41fdf8649 to remote] execchain.MainClientExec 208 - Stale connection check
07-09-2020 03:55:23 Wire.java DEBUG [Forwarding get on session 6feed7a512c1539f31718aa41fdf8649 to remote] http.wire 87 - http-outgoing-0 << "[read] I/O error: Read timed out"
07-09-2020 03:55:23 LoggingManagedHttpClientConnection.java DEBUG [Forwarding get on session 6feed7a512c1539f31718aa41fdf8649 to remote] conn.DefaultManagedHttpClientConnection 88 - http-outgoing-0: set socket timeout to 10800000
07-09-2020 03:55:23 MainClientExec.java DEBUG [Forwarding get on session 6feed7a512c1539f31718aa41fdf8649 to remote] execchain.MainClientExec 256 - Executing request POST /session/6feed7a512c1539f31718aa41fdf8649/url HTTP/1.1
07-09-2020 03:55:23 MainClientExec.java DEBUG [Forwarding get on session 6feed7a512c1539f31718aa41fdf8649 to remote] execchain.MainClientExec 261 - Target auth state: UNCHALLENGED
07-09-2020 03:55:23 MainClientExec.java DEBUG [Forwarding get on session 6feed7a512c1539f31718aa41fdf8649 to remote] execchain.MainClientExec 267 - Proxy auth state: UNCHALLENGED
07-09-2020 03:55:23 LoggingManagedHttpClientConnection.java DEBUG [Forwarding get on session 6feed7a512c1539f31718aa41fdf8649 to remote] http.headers 133 - http-outgoing-0 >> POST /session/6feed7a512c1539f31718aa41fdf8649/url HTTP/1.1
07-09-2020 03:55:23 LoggingManagedHttpClientConnection.java DEBUG [Forwarding get on session 6feed7a512c1539f31718aa41fdf8649 to remote] http.headers 136 - http-outgoing-0 >> Content-Type: application/json; charset=utf-8
07-09-2020 03:55:23 LoggingManagedHttpClientConnection.java DEBUG [Forwarding get on session 6feed7a512c1539f31718aa41fdf8649 to remote] http.headers 136 - http-outgoing-0 >> Content-Length: 49
07-09-2020 03:55:23 LoggingManagedHttpClientConnection.java DEBUG [Forwarding get on session 6feed7a512c1539f31718aa41fdf8649 to remote] http.headers 136 - http-outgoing-0 >> Host: localhost:46632
07-09-2020 03:55:23 LoggingManagedHttpClientConnection.java DEBUG [Forwarding get on session 6feed7a512c1539f31718aa41fdf8649 to remote] http.headers 136 - http-outgoing-0 >> Connection: Keep-Alive
07-09-2020 03:55:23 LoggingManagedHttpClientConnection.java DEBUG [Forwarding get on session 6feed7a512c1539f31718aa41fdf8649 to remote] http.headers 136 - http-outgoing-0 >> User-Agent: Apache-HttpClient/4.5.3 (Java/1.8.0_144)
07-09-2020 03:55:23 LoggingManagedHttpClientConnection.java DEBUG [Forwarding get on session 6feed7a512c1539f31718aa41fdf8649 to remote] http.headers 136 - http-outgoing-0 >> Accept-Encoding: gzip,deflate
07-09-2020 03:55:23 Wire.java DEBUG [Forwarding get on session 6feed7a512c1539f31718aa41fdf8649 to remote] http.wire 73 - http-outgoing-0 >> "POST /session/6feed7a512c1539f31718aa41fdf8649/url HTTP/1.1[\r][\n]"
07-09-2020 03:55:23 Wire.java DEBUG [Forwarding get on session 6feed7a512c1539f31718aa41fdf8649 to remote] http.wire 73 - http-outgoing-0 >> "Content-Type: application/json; charset=utf-8[\r][\n]"
07-09-2020 03:55:23 Wire.java DEBUG [Forwarding get on session 6feed7a512c1539f31718aa41fdf8649 to remote] http.wire 73 - http-outgoing-0 >> "Content-Length: 49[\r][\n]"
07-09-2020 03:55:23 Wire.java DEBUG [Forwarding get on session 6feed7a512c1539f31718aa41fdf8649 to remote] http.wire 73 - http-outgoing-0 >> "Host: localhost:46632[\r][\n]"
07-09-2020 03:55:23 Wire.java DEBUG [Forwarding get on session 6feed7a512c1539f31718aa41fdf8649 to remote] http.wire 73 - http-outgoing-0 >> "Connection: Keep-Alive[\r][\n]"
07-09-2020 03:55:23 Wire.java DEBUG [Forwarding get on session 6feed7a512c1539f31718aa41fdf8649 to remote] http.wire 73 - http-outgoing-0 >> "User-Agent: Apache-HttpClient/4.5.3 (Java/1.8.0_144)[\r][\n]"
07-09-2020 03:55:23 Wire.java DEBUG [Forwarding get on session 6feed7a512c1539f31718aa41fdf8649 to remote] http.wire 73 - http-outgoing-0 >> "Accept-Encoding: gzip,deflate[\r][\n]"
07-09-2020 03:55:23 Wire.java DEBUG [Forwarding get on session 6feed7a512c1539f31718aa41fdf8649 to remote] http.wire 73 - http-outgoing-0 >> "[\r][\n]"
07-09-2020 03:55:23 Wire.java DEBUG [Forwarding get on session 6feed7a512c1539f31718aa41fdf8649 to remote] http.wire 87 - http-outgoing-0 >> "{"url":"http://automationpractice.com/index.php"}"
07-09-2020 03:55:28 Wire.java DEBUG [Forwarding get on session 6feed7a512c1539f31718aa41fdf8649 to remote] http.wire 73 - http-outgoing-0 << "HTTP/1.1 200 OK[\r][\n]"
07-09-2020 03:55:28 Wire.java DEBUG [Forwarding get on session 6feed7a512c1539f31718aa41fdf8649 to remote] http.wire 73 - http-outgoing-0 << "Content-Length:14[\r][\n]"
07-09-2020 03:55:28 Wire.java DEBUG [Forwarding get on session 6feed7a512c1539f31718aa41fdf8649 to remote] http.wire 73 - http-outgoing-0 << "Content-Type:application/json; charset=utf-8[\r][\n]"
07-09-2020 03:55:28 Wire.java DEBUG [Forwarding get on session 6feed7a512c1539f31718aa41fdf8649 to remote] http.wire 73 - http-outgoing-0 << "cache-control:no-cache[\r][\n]"
07-09-2020 03:55:28 Wire.java DEBUG [Forwarding get on session 6feed7a512c1539f31718aa41fdf8649 to remote] http.wire 73 - http-outgoing-0 << "[\r][\n]"
07-09-2020 03:55:28 Wire.java DEBUG [Forwarding get on session 6feed7a512c1539f31718aa41fdf8649 to remote] http.wire 87 - http-outgoing-0 << "{"value":null}"
07-09-2020 03:55:28 LoggingManagedHttpClientConnection.java DEBUG [Forwarding get on session 6feed7a512c1539f31718aa41fdf8649 to remote] http.headers 122 - http-outgoing-0 << HTTP/1.1 200 OK
07-09-2020 03:55:28 LoggingManagedHttpClientConnection.java DEBUG [Forwarding get on session 6feed7a512c1539f31718aa41fdf8649 to remote] http.headers 125 - http-outgoing-0 << Content-Length:14
07-09-2020 03:55:28 LoggingManagedHttpClientConnection.java DEBUG [Forwarding get on session 6feed7a512c1539f31718aa41fdf8649 to remote] http.headers 125 - http-outgoing-0 << Content-Type:application/json; charset=utf-8
07-09-2020 03:55:28 LoggingManagedHttpClientConnection.java DEBUG [Forwarding get on session 6feed7a512c1539f31718aa41fdf8649 to remote] http.headers 125 - http-outgoing-0 << cache-control:no-cache
07-09-2020 03:55:28 MainClientExec.java DEBUG [Forwarding get on session 6feed7a512c1539f31718aa41fdf8649 to remote] execchain.MainClientExec 285 - Connection can be kept alive indefinitely
07-09-2020 03:55:28 PoolingHttpClientConnectionManager.java DEBUG [Forwarding get on session 6feed7a512c1539f31718aa41fdf8649 to remote] conn.PoolingHttpClientConnectionManager 320 - Connection [id: 0][route: {}->http://localhost:46632] can be kept alive indefinitely
07-09-2020 03:55:28 PoolingHttpClientConnectionManager.java DEBUG [Forwarding get on session 6feed7a512c1539f31718aa41fdf8649 to remote] conn.PoolingHttpClientConnectionManager 326 - Connection released: [id: 0][route: {}->http://localhost:46632][total kept alive: 1; route allocated: 1 of 2000; total allocated: 1 of 2000]
Directory already exists: C:\Users\mmahran\.jenkins\workspace\AutomationPractice\TestReport
07-09-2020 03:55:28 RequestAddCookies.java DEBUG [Forwarding findElements on session 6feed7a512c1539f31718aa41fdf8649 to remote] protocol.RequestAddCookies 123 - CookieSpec selected: default
07-09-2020 03:55:28 RequestAuthCache.java DEBUG [Forwarding findElements on session 6feed7a512c1539f31718aa41fdf8649 to remote] protocol.RequestAuthCache 77 - Auth cache not set in the context
07-09-2020 03:55:28 PoolingHttpClientConnectionManager.java DEBUG [Forwarding findElements on session 6feed7a512c1539f31718aa41fdf8649 to remote] conn.PoolingHttpClientConnectionManager 255 - Connection request: [route: {}->http://localhost:46632][total kept alive: 1; route allocated: 1 of 2000; total allocated: 1 of 2000]
07-09-2020 03:55:28 PoolingHttpClientConnectionManager.java DEBUG [Forwarding findElements on session 6feed7a512c1539f31718aa41fdf8649 to remote] conn.PoolingHttpClientConnectionManager 288 - Connection leased: [id: 0][route: {}->http://localhost:46632][total kept alive: 0; route allocated: 1 of 2000; total allocated: 1 of 2000]
07-09-2020 03:55:28 MainClientExec.java DEBUG [Forwarding findElements on session 6feed7a512c1539f31718aa41fdf8649 to remote] execchain.MainClientExec 208 - Stale connection check
07-09-2020 03:55:28 Wire.java DEBUG [Forwarding findElements on session 6feed7a512c1539f31718aa41fdf8649 to remote] http.wire 87 - http-outgoing-0 << "[read] I/O error: Read timed out"
07-09-2020 03:55:28 LoggingManagedHttpClientConnection.java DEBUG [Forwarding findElements on session 6feed7a512c1539f31718aa41fdf8649 to remote] conn.DefaultManagedHttpClientConnection 88 - http-outgoing-0: set socket timeout to 10800000
07-09-2020 03:55:28 MainClientExec.java DEBUG [Forwarding findElements on session 6feed7a512c1539f31718aa41fdf8649 to remote] execchain.MainClientExec 256 - Executing request POST /session/6feed7a512c1539f31718aa41fdf8649/elements HTTP/1.1
07-09-2020 03:55:28 MainClientExec.java DEBUG [Forwarding findElements on session 6feed7a512c1539f31718aa41fdf8649 to remote] execchain.MainClientExec 261 - Target auth state: UNCHALLENGED
07-09-2020 03:55:28 MainClientExec.java DEBUG [Forwarding findElements on session 6feed7a512c1539f31718aa41fdf8649 to remote] execchain.MainClientExec 267 - Proxy auth state: UNCHALLENGED
07-09-2020 03:55:28 LoggingManagedHttpClientConnection.java DEBUG [Forwarding findElements on session 6feed7a512c1539f31718aa41fdf8649 to remote] http.headers 133 - http-outgoing-0 >> POST /session/6feed7a512c1539f31718aa41fdf8649/elements HTTP/1.1
07-09-2020 03:55:28 LoggingManagedHttpClientConnection.java DEBUG [Forwarding findElements on session 6feed7a512c1539f31718aa41fdf8649 to remote] http.headers 136 - http-outgoing-0 >> Content-Type: application/json; charset=utf-8
07-09-2020 03:55:28 LoggingManagedHttpClientConnection.java DEBUG [Forwarding findElements on session 6feed7a512c1539f31718aa41fdf8649 to remote] http.headers 136 - http-outgoing-0 >> Content-Length: 64
07-09-2020 03:55:28 LoggingManagedHttpClientConnection.java DEBUG [Forwarding findElements on session 6feed7a512c1539f31718aa41fdf8649 to remote] http.headers 136 - http-outgoing-0 >> Host: localhost:46632
07-09-2020 03:55:28 LoggingManagedHttpClientConnection.java DEBUG [Forwarding findElements on session 6feed7a512c1539f31718aa41fdf8649 to remote] http.headers 136 - http-outgoing-0 >> Connection: Keep-Alive
07-09-2020 03:55:28 LoggingManagedHttpClientConnection.java DEBUG [Forwarding findElements on session 6feed7a512c1539f31718aa41fdf8649 to remote] http.headers 136 - http-outgoing-0 >> User-Agent: Apache-HttpClient/4.5.3 (Java/1.8.0_144)
07-09-2020 03:55:28 LoggingManagedHttpClientConnection.java DEBUG [Forwarding findElements on session 6feed7a512c1539f31718aa41fdf8649 to remote] http.headers 136 - http-outgoing-0 >> Accept-Encoding: gzip,deflate
07-09-2020 03:55:28 Wire.java DEBUG [Forwarding findElements on session 6feed7a512c1539f31718aa41fdf8649 to remote] http.wire 73 - http-outgoing-0 >> "POST /session/6feed7a512c1539f31718aa41fdf8649/elements HTTP/1.1[\r][\n]"
07-09-2020 03:55:28 Wire.java DEBUG [Forwarding findElements on session 6feed7a512c1539f31718aa41fdf8649 to remote] http.wire 73 - http-outgoing-0 >> "Content-Type: application/json; charset=utf-8[\r][\n]"
07-09-2020 03:55:28 Wire.java DEBUG [Forwarding findElements on session 6feed7a512c1539f31718aa41fdf8649 to remote] http.wire 73 - http-outgoing-0 >> "Content-Length: 64[\r][\n]"
07-09-2020 03:55:28 Wire.java DEBUG [Forwarding findElements on session 6feed7a512c1539f31718aa41fdf8649 to remote] http.wire 73 - http-outgoing-0 >> "Host: localhost:46632[\r][\n]"
07-09-2020 03:55:28 Wire.java DEBUG [Forwarding findElements on session 6feed7a512c1539f31718aa41fdf8649 to remote] http.wire 73 - http-outgoing-0 >> "Connection: Keep-Alive[\r][\n]"
07-09-2020 03:55:28 Wire.java DEBUG [Forwarding findElements on session 6feed7a512c1539f31718aa41fdf8649 to remote] http.wire 73 - http-outgoing-0 >> "User-Agent: Apache-HttpClient/4.5.3 (Java/1.8.0_144)[\r][\n]"
07-09-2020 03:55:28 Wire.java DEBUG [Forwarding findElements on session 6feed7a512c1539f31718aa41fdf8649 to remote] http.wire 73 - http-outgoing-0 >> "Accept-Encoding: gzip,deflate[\r][\n]"
07-09-2020 03:55:28 Wire.java DEBUG [Forwarding findElements on session 6feed7a512c1539f31718aa41fdf8649 to remote] http.wire 73 - http-outgoing-0 >> "[\r][\n]"
07-09-2020 03:55:28 Wire.java DEBUG [Forwarding findElements on session 6feed7a512c1539f31718aa41fdf8649 to remote] http.wire 87 - http-outgoing-0 >> "{"value":"#block_top_menu > ul > li > a","using":"css selector"}"
07-09-2020 03:55:28 Wire.java DEBUG [Forwarding findElements on session 6feed7a512c1539f31718aa41fdf8649 to remote] http.wire 73 - http-outgoing-0 << "HTTP/1.1 200 OK[\r][\n]"
07-09-2020 03:55:28 Wire.java DEBUG [Forwarding findElements on session 6feed7a512c1539f31718aa41fdf8649 to remote] http.wire 73 - http-outgoing-0 << "Content-Length:248[\r][\n]"
07-09-2020 03:55:28 Wire.java DEBUG [Forwarding findElements on session 6feed7a512c1539f31718aa41fdf8649 to remote] http.wire 73 - http-outgoing-0 << "Content-Type:application/json; charset=utf-8[\r][\n]"
07-09-2020 03:55:28 Wire.java DEBUG [Forwarding findElements on session 6feed7a512c1539f31718aa41fdf8649 to remote] http.wire 73 - http-outgoing-0 << "cache-control:no-cache[\r][\n]"
07-09-2020 03:55:28 Wire.java DEBUG [Forwarding findElements on session 6feed7a512c1539f31718aa41fdf8649 to remote] http.wire 73 - http-outgoing-0 << "[\r][\n]"
07-09-2020 03:55:28 Wire.java DEBUG [Forwarding findElements on session 6feed7a512c1539f31718aa41fdf8649 to remote] http.wire 87 - http-outgoing-0 << "{"value":[{"element-6066-11e4-a52e-4f735466cecf":"3fb216f8-bb1f-4290-a92a-f5c5ff464d13"},{"element-6066-11e4-a52e-4f735466cecf":"69bb221c-89b1-4892-8758-dd0608f2e6d5"},{"element-6066-11e4-a52e-4f735466cecf":"1120e0f7-33ce-4d5f-b848-090f38629f4f"}]}"
07-09-2020 03:55:28 LoggingManagedHttpClientConnection.java DEBUG [Forwarding findElements on session 6feed7a512c1539f31718aa41fdf8649 to remote] http.headers 122 - http-outgoing-0 << HTTP/1.1 200 OK
07-09-2020 03:55:28 LoggingManagedHttpClientConnection.java DEBUG [Forwarding findElements on session 6feed7a512c1539f31718aa41fdf8649 to remote] http.headers 125 - http-outgoing-0 << Content-Length:248
07-09-2020 03:55:28 LoggingManagedHttpClientConnection.java DEBUG [Forwarding findElements on session 6feed7a512c1539f31718aa41fdf8649 to remote] http.headers 125 - http-outgoing-0 << Content-Type:application/json; charset=utf-8
07-09-2020 03:55:28 LoggingManagedHttpClientConnection.java DEBUG [Forwarding findElements on session 6feed7a512c1539f31718aa41fdf8649 to remote] http.headers 125 - http-outgoing-0 << cache-control:no-cache
07-09-2020 03:55:28 MainClientExec.java DEBUG [Forwarding findElements on session 6feed7a512c1539f31718aa41fdf8649 to remote] execchain.MainClientExec 285 - Connection can be kept alive indefinitely
07-09-2020 03:55:28 PoolingHttpClientConnectionManager.java DEBUG [Forwarding findElements on session 6feed7a512c1539f31718aa41fdf8649 to remote] conn.PoolingHttpClientConnectionManager 320 - Connection [id: 0][route: {}->http://localhost:46632] can be kept alive indefinitely
07-09-2020 03:55:28 PoolingHttpClientConnectionManager.java DEBUG [Forwarding findElements on session 6feed7a512c1539f31718aa41fdf8649 to remote] conn.PoolingHttpClientConnectionManager 326 - Connection released: [id: 0][route: {}->http://localhost:46632][total kept alive: 1; route allocated: 1 of 2000; total allocated: 1 of 2000]
07-09-2020 03:55:28 RequestAddCookies.java DEBUG [Forwarding getElementAttribute on session 6feed7a512c1539f31718aa41fdf8649 to remote] protocol.RequestAddCookies 123 - CookieSpec selected: default
07-09-2020 03:55:28 RequestAuthCache.java DEBUG [Forwarding getElementAttribute on session 6feed7a512c1539f31718aa41fdf8649 to remote] protocol.RequestAuthCache 77 - Auth cache not set in the context
07-09-2020 03:55:28 PoolingHttpClientConnectionManager.java DEBUG [Forwarding getElementAttribute on session 6feed7a512c1539f31718aa41fdf8649 to remote] conn.PoolingHttpClientConnectionManager 255 - Connection request: [route: {}->http://localhost:46632][total kept alive: 1; route allocated: 1 of 2000; total allocated: 1 of 2000]
07-09-2020 03:55:28 PoolingHttpClientConnectionManager.java DEBUG [Forwarding getElementAttribute on session 6feed7a512c1539f31718aa41fdf8649 to remote] conn.PoolingHttpClientConnectionManager 288 - Connection leased: [id: 0][route: {}->http://localhost:46632][total kept alive: 0; route allocated: 1 of 2000; total allocated: 1 of 2000]
07-09-2020 03:55:28 MainClientExec.java DEBUG [Forwarding getElementAttribute on session 6feed7a512c1539f31718aa41fdf8649 to remote] execchain.MainClientExec 208 - Stale connection check
07-09-2020 03:55:28 Wire.java DEBUG [Forwarding getElementAttribute on session 6feed7a512c1539f31718aa41fdf8649 to remote] http.wire 87 - http-outgoing-0 << "[read] I/O error: Read timed out"
07-09-2020 03:55:28 LoggingManagedHttpClientConnection.java DEBUG [Forwarding getElementAttribute on session 6feed7a512c1539f31718aa41fdf8649 to remote] conn.DefaultManagedHttpClientConnection 88 - http-outgoing-0: set socket timeout to 10800000
07-09-2020 03:55:28 MainClientExec.java DEBUG [Forwarding getElementAttribute on session 6feed7a512c1539f31718aa41fdf8649 to remote] execchain.MainClientExec 256 - Executing request POST /session/6feed7a512c1539f31718aa41fdf8649/execute/sync HTTP/1.1
07-09-2020 03:55:28 MainClientExec.java DEBUG [Forwarding getElementAttribute on session 6feed7a512c1539f31718aa41fdf8649 to remote] execchain.MainClientExec 261 - Target auth state: UNCHALLENGED
07-09-2020 03:55:28 MainClientExec.java DEBUG [Forwarding getElementAttribute on session 6feed7a512c1539f31718aa41fdf8649 to remote] execchain.MainClientExec 267 - Proxy auth state: UNCHALLENGED
07-09-2020 03:55:28 LoggingManagedHttpClientConnection.java DEBUG [Forwarding getElementAttribute on session 6feed7a512c1539f31718aa41fdf8649 to remote] http.headers 133 - http-outgoing-0 >> POST /session/6feed7a512c1539f31718aa41fdf8649/execute/sync HTTP/1.1
07-09-2020 03:55:28 LoggingManagedHttpClientConnection.java DEBUG [Forwarding getElementAttribute on session 6feed7a512c1539f31718aa41fdf8649 to remote] http.headers 136 - http-outgoing-0 >> Content-Type: application/json; charset=utf-8
07-09-2020 03:55:28 LoggingManagedHttpClientConnection.java DEBUG [Forwarding getElementAttribute on session 6feed7a512c1539f31718aa41fdf8649 to remote] http.headers 136 - http-outgoing-0 >> Content-Length: 8545
07-09-2020 03:55:28 LoggingManagedHttpClientConnection.java DEBUG [Forwarding getElementAttribute on session 6feed7a512c1539f31718aa41fdf8649 to remote] http.headers 136 - http-outgoing-0 >> Host: localhost:46632
07-09-2020 03:55:28 LoggingManagedHttpClientConnection.java DEBUG [Forwarding getElementAttribute on session 6feed7a512c1539f31718aa41fdf8649 to remote] http.headers 136 - http-outgoing-0 >> Connection: Keep-Alive
07-09-2020 03:55:28 LoggingManagedHttpClientConnection.java DEBUG [Forwarding getElementAttribute on session 6feed7a512c1539f31718aa41fdf8649 to remote] http.headers 136 - http-outgoing-0 >> User-Agent: Apache-HttpClient/4.5.3 (Java/1.8.0_144)
07-09-2020 03:55:28 LoggingManagedHttpClientConnection.java DEBUG [Forwarding getElementAttribute on session 6feed7a512c1539f31718aa41fdf8649 to remote] http.headers 136 - http-outgoing-0 >> Accept-Encoding: gzip,deflate
07-09-2020 03:55:28 Wire.java DEBUG [Forwarding getElementAttribute on session 6feed7a512c1539f31718aa41fdf8649 to remote] http.wire 73 - http-outgoing-0 >> "POST /session/6feed7a512c1539f31718aa41fdf8649/execute/sync HTTP/1.1[\r][\n]"
07-09-2020 03:55:28 Wire.java DEBUG [Forwarding getElementAttribute on session 6feed7a512c1539f31718aa41fdf8649 to remote] http.wire 73 - http-outgoing-0 >> "Content-Type: application/json; charset=utf-8[\r][\n]"
07-09-2020 03:55:28 Wire.java DEBUG [Forwarding getElementAttribute on session 6feed7a512c1539f31718aa41fdf8649 to remote] http.wire 73 - http-outgoing-0 >> "Content-Length: 8545[\r][\n]"
07-09-2020 03:55:28 Wire.java DEBUG [Forwarding getElementAttribute on session 6feed7a512c1539f31718aa41fdf8649 to remote] http.wire 73 - http-outgoing-0 >> "Host: localhost:46632[\r][\n]"
07-09-2020 03:55:28 Wire.java DEBUG [Forwarding getElementAttribute on session 6feed7a512c1539f31718aa41fdf8649 to remote] http.wire 73 - http-outgoing-0 >> "Connection: Keep-Alive[\r][\n]"
07-09-2020 03:55:28 Wire.java DEBUG [Forwarding getElementAttribute on session 6feed7a512c1539f31718aa41fdf8649 to remote] http.wire 73 - http-outgoing-0 >> "User-Agent: Apache-HttpClient/4.5.3 (Java/1.8.0_144)[\r][\n]"
07-09-2020 03:55:28 Wire.java DEBUG [Forwarding getElementAttribute on session 6feed7a512c1539f31718aa41fdf8649 to remote] http.wire 73 - http-outgoing-0 >> "Accept-Encoding: gzip,deflate[\r][\n]"
07-09-2020 03:55:28 Wire.java DEBUG [Forwarding getElementAttribute on session 6feed7a512c1539f31718aa41fdf8649 to remote] http.wire 73 - http-outgoing-0 >> "[\r][\n]"
07-09-2020 03:55:28 Wire.java DEBUG [Forwarding getElementAttribute on session 6feed7a512c1539f31718aa41fdf8649 to remote] http.wire 87 - http-outgoing-0 >> "{"script":"return (function(){return function(){var aa=\"function\"==typeof Object.defineProperties?Object.defineProperty:function(a,c,b){if(b.get||b.set)throw new TypeError(\"ES3 does not support getters and setters.\");a!=Array.prototype&&a!=Object.prototype&&(a[c]=b.value)},ba=\"undefined\"!=typeof window&&window===this?this:\"undefined\"!=typeof global?global:this;\nfunction e(a,c){if(c){for(var b=ba,d=a.split(\".\"),f=0;f<d.length-1;f++){var h=d[f];h in b||(b[h]={});b=b[h]}d=d[d.length-1];f=b[d];h=c(f);h!=f&&null!=h&&aa(b,d,{configurable:!0,writable:!0,value:h})}}\ne(\"String.prototype.repeat\",function(a){return a?a:function(a){var b;if(null==this)throw new TypeError(\"The 'this' value for String.prototype.repeat must not be null or undefined\");b=this+\"\";if(0>a||1342177279<a)throw new RangeError(\"Invalid count value\");a|=0;for(var d=\"\";a;)if(a&1&&(d+=b),a>>>=1)b+=b;return d}});e(\"Math.sign\",function(a){return a?a:function(a){a=Number(a);return!a||isNaN(a)?a:0<a?1:-1}});var g=this;function l(a){return\"string\"==typeof a};function m(a,c){this.a=n[a]||p;this.message=c||\"\";var b=this.a.replace(/((?:^|\\s+)[a-z])/g,function(a){return a.toUpperCase().replace(/^[\\s\\xa0]+/g,\"\")}),d=b.length-5;if(0>d||b.indexOf(\"Error\",d)!=d)b+=\"Error\";this.name=b;b=Error(this.message);b.name=this.name;this.stack=b.stack||\"\"}\n(function(){var a=Error;function c(){}c.prototype=a.prototype;m.b=a.prototype;m.prototype=new c;m.prototype.constructor=m;m.a=function(b,c,f){for(var h=Array(arguments.length-2),k=2;k<arguments.length;k++)h[k-2]=arguments[k];return a.prototype[c].apply(b,h)}})();var p=\"unknown error\",n={15:\"element not selectable\",11:\"element not visible\"};n[31]=p;n[30]=p;n[24]=\"invalid cookie domain\";n[29]=\"invalid element coordinates\";n[12]=\"invalid element state\";n[32]=\"invalid selector\";n[51]=\"invalid selector\";\nn[52]=\"invalid selector\";n[17]=\"javascript error\";n[405]=\"unsupported operation\";n[34]=\"move target out of bounds\";n[27]=\"no such alert\";n[7]=\"no such element\";n[8]=\"no such frame\";n[23]=\"no such window\";n[28]=\"script timeout\";n[33]=\"session not created\";n[10]=\"stale element reference\";n[21]=\"timeout\";n[25]=\"unable to set cookie\";n[26]=\"unexpected alert open\";n[13]=p;n[9]=\"unknown command\";m.prototype.toString=function(){return this.name+\": \"+this.message};var q=String.prototype.trim?function(a){return a.trim()}:function(a){return a.replace(/^[\\s\\xa0]+|[\\s\\xa0]+$/g,\"\")};\nfunction r(a,c){for(var b=0,d=q(String(a)).split(\".\"),f=q(String(c)).split(\".\"),h=Math.max(d.length,f.length),k=0;!b&&k<h;k++){var S=d[k]||\"\",ja=f[k]||\"\",ka=RegExp(\"(\\\\d*)(\\\\D*)\",\"g\"),la=RegExp(\"(\\\\d*)(\\\\D*)\",\"g\");do{var t=ka.exec(S)||[\"\",\"\",\"\"],u=la.exec(ja)||[\"\",\"\",\"\"];if(0==t[0].length&&0==u[0].length)break;b=v(0==t[1].length?0:parseInt(t[1],10),0==u[1].length?0:parseInt(u[1],10))||v(0==t[2].length,0==u[2].length)||v(t[2],u[2])}while(!b)}return b}function v(a,c){return a<c?-1:a>c?1:0};var w;a:{var x=g.navigator;if(x){var y=x.userAgent;if(y){w=y;break a}}w=\"\"}function z(a){return-1!=w.indexOf(a)};function ca(a,c){for(var b=a.length,d=l(a)?a.split(\"\"):a,f=0;f<b;f++)f in d&&c.call(void 0,d[f],f,a)};function A(){return z(\"iPhone\")&&!z(\"iPod\")&&!z(\"iPad\")};function B(){return z(\"Opera\")||z(\"OPR\")}function C(){return(z(\"Chrome\")||z(\"CriOS\"))&&!B()&&!z(\"Edge\")};var D=B(),E=z(\"Trident\")||z(\"MSIE\"),F=z(\"Edge\"),G=z(\"Gecko\")&&!(-1!=w.toLowerCase().indexOf(\"webkit\")&&!z(\"Edge\"))&&!(z(\"Trident\")||z(\"MSIE\"))&&!z(\"Edge\"),da=-1!=w.toLowerCase().indexOf(\"webkit\")&&!z(\"Edge\");function ea(){var a=w;if(G)return/rv\\:([^\\);]+)(\\)|;)/.exec(a);if(F)return/Edge\\/([\\d\\.]+)/.exec(a);if(E)return/\\b(?:MSIE|rv)[: ]([^\\);]+)(\\)|;)/.exec(a);if(da)return/WebKit\\/(\\S+)/.exec(a)}function H(){var a=g.document;return a?a.documentMode:void 0}\nvar I=function(){if(D&&g.opera){var a;var c=g.opera.version;try{a=c()}catch(b){a=c}return a}a=\"\";(c=ea())&&(a=c?c[1]:\"\");return E&&(c=H(),null!=c&&c>parseFloat(a))?String(c):a}(),J={},K=g.document,L=K&&E?H()||(\"CSS1Compat\"==K.compatMode?parseInt(I,10):5):void 0;!G&&!E||E&&9<=Number(L)||G&&(J[\"1.9.1\"]||(J[\"1.9.1\"]=0<=r(I,\"1.9.1\")));E&&(J[\"9\"]||(J[\"9\"]=0<=r(I,\"9\")));var fa=z(\"Firefox\"),ga=A()||z(\"iPod\"),ha=z(\"iPad\"),M=z(\"Android\")&&!(C()||z(\"Firefox\")||B()||z(\"Silk\")),ia=C(),N=z(\"Safari\")&&!(C()||z(\"Coast\")||B()||z(\"Edge\")||z(\"Silk\")||z(\"Android\"))&&!(A()||z(\"iPad\")||z(\"iPod\"));var ma={SCRIPT:1,STYLE:1,HEAD:1,IFRAME:1,OBJECT:1},na={IMG:\" \",BR:\"\\n\"};function oa(a,c,b){if(!(a.nodeName in ma))if(3==a.nodeType)b?c.push(String(a.nodeValue).replace(/(\\r\\n|\\r|\\n)/g,\"\")):c.push(a.nodeValue);else if(a.nodeName in na)c.push(na[a.nodeName]);else for(a=a.firstChild;a;)oa(a,c,b),a=a.nextSibling};function O(a){return(a=a.exec(w))?a[1]:\"\"}var pa=function(){if(fa)return O(/Firefox\\/([0-9.]+)/);if(E||F||D)return I;if(ia)return O(/Chrome\\/([0-9.]+)/);if(N&&!(A()||z(\"iPad\")||z(\"iPod\")))return O(/Version\\/([0-9.]+)/);if(ga||ha){var a=/Version\\/(\\S+).*Mobile\\/(\\S+)/.exec(w);if(a)return a[1]+\".\"+a[2]}else if(M)return(a=O(/Android\\s+([0-9.]+)/))?a:O(/Version\\/([0-9.]+)/);return\"\"}();var qa;function P(a){ra?qa(a):M?r(sa,a):r(pa,a)}var ra=function(){if(!G)return!1;var a=g.Components;if(!a)return!1;try{if(!a.classes)return!1}catch(f){return!1}var c=a.classes,a=a.interfaces,b=c[\"@mozilla.org/xpcom/version-comparator;1\"].getService(a.nsIVersionComparator),d=c[\"@mozilla.org/xre/app-info;1\"].getService(a.nsIXULAppInfo).version;qa=function(a){b.compare(d,\"\"+a)};return!0}(),Q;if(M){var ta=/Android\\s+([0-9\\.]+)/.exec(w);Q=ta?ta[1]:\"0\"}else Q=\"0\";\nvar sa=Q,ua=E&&!(8<=Number(L)),va=E&&!(9<=Number(L));M&&P(2.3);M&&P(4);N&&P(6);function R(a,c){c=c.toLowerCase();if(\"style\"==c)return wa(a.style.cssText);if(ua&&\"value\"==c&&T(a,\"INPUT\"))return a.value;if(va&&!0===a[c])return String(a.getAttribute(c));var b=a.getAttributeNode(c);return b&&b.specified?b.value:null}var xa=/[;]+(?=(?:(?:[^\"]*\"){2})*[^\"]*$)(?=(?:(?:[^']*'){2})*[^']*$)(?=(?:[^()]*\\([^()]*\\))*[^()]*$)/;\nfunction wa(a){var c=[];ca(a.split(xa),function(a){var d=a.indexOf(\":\");0<d&&(a=[a.slice(0,d),a.slice(d+1)],2==a.length&&c.push(a[0].toLowerCase(),\":\",a[1],\";\"))});c=c.join(\"\");return c=\";\"==c.charAt(c.length-1)?c:c+\";\"}function U(a,c){var b;ua&&\"value\"==c&&T(a,\"OPTION\")&&null===R(a,\"value\")?(b=[],oa(a,b,!1),b=b.join(\"\")):b=a[c];return b}function T(a,c){return!!a&&1==a.nodeType&&(!c||a.tagName.toUpperCase()==c)}\nfunction ya(a){return T(a,\"OPTION\")?!0:T(a,\"INPUT\")?(a=a.type.toLowerCase(),\"checkbox\"==a||\"radio\"==a):!1};var za={\"class\":\"className\",readonly:\"readOnly\"},V=\"async autofocus autoplay checked compact complete controls declare defaultchecked defaultselected defer disabled draggable ended formnovalidate hidden indeterminate iscontenteditable ismap itemscope loop multiple muted nohref noresize noshade novalidate nowrap open paused pubdate readonly required reversed scoped seamless seeking selected spellcheck truespeed willvalidate\".split(\" \");function Aa(a,c){var b=null,d=c.toLowerCase();if(\"style\"==d)return(b=a.style)&&!l(b)&&(b=b.cssText),b;if((\"selected\"==d||\"checked\"==d)&&ya(a)){if(!ya(a))throw new m(15,\"Element is not selectable\");var b=\"selected\",f=a.type&&a.type.toLowerCase();if(\"checkbox\"==f||\"radio\"==f)b=\"checked\";return U(a,b)?\"true\":null}var h=T(a,\"A\");if(T(a,\"IMG\")&&\"src\"==d||h&&\"href\"==d)return(b=R(a,d))&&(b=U(a,d)),b;if(\"spellcheck\"==d){b=R(a,d);if(null!==b){if(\"false\"==b.toLowerCase())return\"false\";if(\"true\"==b.toLowerCase())return\"true\"}return U(a,\nd)+\"\"}h=za[c]||c;a:if(l(V))d=l(d)&&1==d.length?V.indexOf(d,0):-1;else{for(var k=0;k<V.length;k++)if(k in V&&V[k]===d){d=k;break a}d=-1}if(0<=d)return(b=null!==R(a,c)||U(a,h))?\"true\":null;try{f=U(a,h)}catch(S){}(d=null==f)||(d=typeof f,d=\"object\"==d&&null!=f||\"function\"==d);d?b=R(a,c):b=f;return null!=b?b.toString():null}var W=[\"_\"],X=g;W[0]in X||!X.execScript||X.execScript(\"var \"+W[0]);for(var Y;W.length&&(Y=W.shift());){var Z;if(Z=!W.length)Z=void 0!==Aa;Z?X[Y]=Aa:X[Y]?X=X[Y]:X=X[Y]={}};; return this._.apply(null,arguments);}.apply({navigator:typeof window!='undefined'?window.navigator:null,document:typeof window!='undefined'?window.document:null}, arguments);}\n).apply(null, arguments);","args":[{"element-6066-11e4-a52e-4f735466cecf":"3fb216f8-bb1f-4290-a92a-f5c5ff464d13"},"title"]}"
07-09-2020 03:55:28 Wire.java DEBUG [Forwarding getElementAttribute on session 6feed7a512c1539f31718aa41fdf8649 to remote] http.wire 73 - http-outgoing-0 << "HTTP/1.1 200 OK[\r][\n]"
07-09-2020 03:55:28 Wire.java DEBUG [Forwarding getElementAttribute on session 6feed7a512c1539f31718aa41fdf8649 to remote] http.wire 73 - http-outgoing-0 << "Content-Length:17[\r][\n]"
07-09-2020 03:55:28 Wire.java DEBUG [Forwarding getElementAttribute on session 6feed7a512c1539f31718aa41fdf8649 to remote] http.wire 73 - http-outgoing-0 << "Content-Type:application/json; charset=utf-8[\r][\n]"
07-09-2020 03:55:28 Wire.java DEBUG [Forwarding getElementAttribute on session 6feed7a512c1539f31718aa41fdf8649 to remote] http.wire 73 - http-outgoing-0 << "cache-control:no-cache[\r][\n]"
07-09-2020 03:55:28 Wire.java DEBUG [Forwarding getElementAttribute on session 6feed7a512c1539f31718aa41fdf8649 to remote] http.wire 73 - http-outgoing-0 << "[\r][\n]"
07-09-2020 03:55:28 Wire.java DEBUG [Forwarding getElementAttribute on session 6feed7a512c1539f31718aa41fdf8649 to remote] http.wire 87 - http-outgoing-0 << "{"value":"Women"}"
07-09-2020 03:55:28 LoggingManagedHttpClientConnection.java DEBUG [Forwarding getElementAttribute on session 6feed7a512c1539f31718aa41fdf8649 to remote] http.headers 122 - http-outgoing-0 << HTTP/1.1 200 OK
07-09-2020 03:55:28 LoggingManagedHttpClientConnection.java DEBUG [Forwarding getElementAttribute on session 6feed7a512c1539f31718aa41fdf8649 to remote] http.headers 125 - http-outgoing-0 << Content-Length:17
07-09-2020 03:55:28 LoggingManagedHttpClientConnection.java DEBUG [Forwarding getElementAttribute on session 6feed7a512c1539f31718aa41fdf8649 to remote] http.headers 125 - http-outgoing-0 << Content-Type:application/json; charset=utf-8
07-09-2020 03:55:28 LoggingManagedHttpClientConnection.java DEBUG [Forwarding getElementAttribute on session 6feed7a512c1539f31718aa41fdf8649 to remote] http.headers 125 - http-outgoing-0 << cache-control:no-cache
07-09-2020 03:55:28 MainClientExec.java DEBUG [Forwarding getElementAttribute on session 6feed7a512c1539f31718aa41fdf8649 to remote] execchain.MainClientExec 285 - Connection can be kept alive indefinitely
07-09-2020 03:55:28 PoolingHttpClientConnectionManager.java DEBUG [Forwarding getElementAttribute on session 6feed7a512c1539f31718aa41fdf8649 to remote] conn.PoolingHttpClientConnectionManager 320 - Connection [id: 0][route: {}->http://localhost:46632] can be kept alive indefinitely
07-09-2020 03:55:28 PoolingHttpClientConnectionManager.java DEBUG [Forwarding getElementAttribute on session 6feed7a512c1539f31718aa41fdf8649 to remote] conn.PoolingHttpClientConnectionManager 326 - Connection released: [id: 0][route: {}->http://localhost:46632][total kept alive: 1; route allocated: 1 of 2000; total allocated: 1 of 2000]
07-09-2020 03:55:29 RequestAddCookies.java DEBUG [Forwarding actions on session 6feed7a512c1539f31718aa41fdf8649 to remote] protocol.RequestAddCookies 123 - CookieSpec selected: default
07-09-2020 03:55:29 RequestAuthCache.java DEBUG [Forwarding actions on session 6feed7a512c1539f31718aa41fdf8649 to remote] protocol.RequestAuthCache 77 - Auth cache not set in the context
07-09-2020 03:55:29 PoolingHttpClientConnectionManager.java DEBUG [Forwarding actions on session 6feed7a512c1539f31718aa41fdf8649 to remote] conn.PoolingHttpClientConnectionManager 255 - Connection request: [route: {}->http://localhost:46632][total kept alive: 1; route allocated: 1 of 2000; total allocated: 1 of 2000]
07-09-2020 03:55:29 PoolingHttpClientConnectionManager.java DEBUG [Forwarding actions on session 6feed7a512c1539f31718aa41fdf8649 to remote] conn.PoolingHttpClientConnectionManager 288 - Connection leased: [id: 0][route: {}->http://localhost:46632][total kept alive: 0; route allocated: 1 of 2000; total allocated: 1 of 2000]
07-09-2020 03:55:29 MainClientExec.java DEBUG [Forwarding actions on session 6feed7a512c1539f31718aa41fdf8649 to remote] execchain.MainClientExec 208 - Stale connection check
07-09-2020 03:55:29 Wire.java DEBUG [Forwarding actions on session 6feed7a512c1539f31718aa41fdf8649 to remote] http.wire 87 - http-outgoing-0 << "[read] I/O error: Read timed out"
07-09-2020 03:55:29 LoggingManagedHttpClientConnection.java DEBUG [Forwarding actions on session 6feed7a512c1539f31718aa41fdf8649 to remote] conn.DefaultManagedHttpClientConnection 88 - http-outgoing-0: set socket timeout to 10800000
07-09-2020 03:55:29 MainClientExec.java DEBUG [Forwarding actions on session 6feed7a512c1539f31718aa41fdf8649 to remote] execchain.MainClientExec 256 - Executing request POST /session/6feed7a512c1539f31718aa41fdf8649/actions HTTP/1.1
07-09-2020 03:55:29 MainClientExec.java DEBUG [Forwarding actions on session 6feed7a512c1539f31718aa41fdf8649 to remote] execchain.MainClientExec 261 - Target auth state: UNCHALLENGED
07-09-2020 03:55:29 MainClientExec.java DEBUG [Forwarding actions on session 6feed7a512c1539f31718aa41fdf8649 to remote] execchain.MainClientExec 267 - Proxy auth state: UNCHALLENGED
07-09-2020 03:55:29 LoggingManagedHttpClientConnection.java DEBUG [Forwarding actions on session 6feed7a512c1539f31718aa41fdf8649 to remote] http.headers 133 - http-outgoing-0 >> POST /session/6feed7a512c1539f31718aa41fdf8649/actions HTTP/1.1
07-09-2020 03:55:29 LoggingManagedHttpClientConnection.java DEBUG [Forwarding actions on session 6feed7a512c1539f31718aa41fdf8649 to remote] http.headers 136 - http-outgoing-0 >> Content-Type: application/json; charset=utf-8
07-09-2020 03:55:29 LoggingManagedHttpClientConnection.java DEBUG [Forwarding actions on session 6feed7a512c1539f31718aa41fdf8649 to remote] http.headers 136 - http-outgoing-0 >> Content-Length: 289
07-09-2020 03:55:29 LoggingManagedHttpClientConnection.java DEBUG [Forwarding actions on session 6feed7a512c1539f31718aa41fdf8649 to remote] http.headers 136 - http-outgoing-0 >> Host: localhost:46632
07-09-2020 03:55:29 LoggingManagedHttpClientConnection.java DEBUG [Forwarding actions on session 6feed7a512c1539f31718aa41fdf8649 to remote] http.headers 136 - http-outgoing-0 >> Connection: Keep-Alive
07-09-2020 03:55:29 LoggingManagedHttpClientConnection.java DEBUG [Forwarding actions on session 6feed7a512c1539f31718aa41fdf8649 to remote] http.headers 136 - http-outgoing-0 >> User-Agent: Apache-HttpClient/4.5.3 (Java/1.8.0_144)
07-09-2020 03:55:29 LoggingManagedHttpClientConnection.java DEBUG [Forwarding actions on session 6feed7a512c1539f31718aa41fdf8649 to remote] http.headers 136 - http-outgoing-0 >> Accept-Encoding: gzip,deflate
07-09-2020 03:55:29 Wire.java DEBUG [Forwarding actions on session 6feed7a512c1539f31718aa41fdf8649 to remote] http.wire 73 - http-outgoing-0 >> "POST /session/6feed7a512c1539f31718aa41fdf8649/actions HTTP/1.1[\r][\n]"
07-09-2020 03:55:29 Wire.java DEBUG [Forwarding actions on session 6feed7a512c1539f31718aa41fdf8649 to remote] http.wire 73 - http-outgoing-0 >> "Content-Type: application/json; charset=utf-8[\r][\n]"
07-09-2020 03:55:29 Wire.java DEBUG [Forwarding actions on session 6feed7a512c1539f31718aa41fdf8649 to remote] http.wire 73 - http-outgoing-0 >> "Content-Length: 289[\r][\n]"
07-09-2020 03:55:29 Wire.java DEBUG [Forwarding actions on session 6feed7a512c1539f31718aa41fdf8649 to remote] http.wire 73 - http-outgoing-0 >> "Host: localhost:46632[\r][\n]"
07-09-2020 03:55:29 Wire.java DEBUG [Forwarding actions on session 6feed7a512c1539f31718aa41fdf8649 to remote] http.wire 73 - http-outgoing-0 >> "Connection: Keep-Alive[\r][\n]"
07-09-2020 03:55:29 Wire.java DEBUG [Forwarding actions on session 6feed7a512c1539f31718aa41fdf8649 to remote] http.wire 73 - http-outgoing-0 >> "User-Agent: Apache-HttpClient/4.5.3 (Java/1.8.0_144)[\r][\n]"
07-09-2020 03:55:29 Wire.java DEBUG [Forwarding actions on session 6feed7a512c1539f31718aa41fdf8649 to remote] http.wire 73 - http-outgoing-0 >> "Accept-Encoding: gzip,deflate[\r][\n]"
07-09-2020 03:55:29 Wire.java DEBUG [Forwarding actions on session 6feed7a512c1539f31718aa41fdf8649 to remote] http.wire 73 - http-outgoing-0 >> "[\r][\n]"
07-09-2020 03:55:29 Wire.java DEBUG [Forwarding actions on session 6feed7a512c1539f31718aa41fdf8649 to remote] http.wire 87 - http-outgoing-0 >> "{"actions":[{"id":"default mouse","type":"pointer","parameters":{"pointerType":"mouse"},"actions":[{"duration":100,"x":0,"y":0,"type":"pointerMove","origin":{"ELEMENT":"3fb216f8-bb1f-4290-a92a-f5c5ff464d13","element-6066-11e4-a52e-4f735466cecf":"3fb216f8-bb1f-4290-a92a-f5c5ff464d13"}}]}]}"
07-09-2020 03:55:29 Wire.java DEBUG [Forwarding actions on session 6feed7a512c1539f31718aa41fdf8649 to remote] http.wire 73 - http-outgoing-0 << "HTTP/1.1 200 OK[\r][\n]"
07-09-2020 03:55:29 Wire.java DEBUG [Forwarding actions on session 6feed7a512c1539f31718aa41fdf8649 to remote] http.wire 73 - http-outgoing-0 << "Content-Length:14[\r][\n]"
07-09-2020 03:55:29 Wire.java DEBUG [Forwarding actions on session 6feed7a512c1539f31718aa41fdf8649 to remote] http.wire 73 - http-outgoing-0 << "Content-Type:application/json; charset=utf-8[\r][\n]"
07-09-2020 03:55:29 Wire.java DEBUG [Forwarding actions on session 6feed7a512c1539f31718aa41fdf8649 to remote] http.wire 73 - http-outgoing-0 << "cache-control:no-cache[\r][\n]"
07-09-2020 03:55:29 Wire.java DEBUG [Forwarding actions on session 6feed7a512c1539f31718aa41fdf8649 to remote] http.wire 73 - http-outgoing-0 << "[\r][\n]"
07-09-2020 03:55:29 Wire.java DEBUG [Forwarding actions on session 6feed7a512c1539f31718aa41fdf8649 to remote] http.wire 87 - http-outgoing-0 << "{"value":null}"
07-09-2020 03:55:29 LoggingManagedHttpClientConnection.java DEBUG [Forwarding actions on session 6feed7a512c1539f31718aa41fdf8649 to remote] http.headers 122 - http-outgoing-0 << HTTP/1.1 200 OK
07-09-2020 03:55:29 LoggingManagedHttpClientConnection.java DEBUG [Forwarding actions on session 6feed7a512c1539f31718aa41fdf8649 to remote] http.headers 125 - http-outgoing-0 << Content-Length:14
07-09-2020 03:55:29 LoggingManagedHttpClientConnection.java DEBUG [Forwarding actions on session 6feed7a512c1539f31718aa41fdf8649 to remote] http.headers 125 - http-outgoing-0 << Content-Type:application/json; charset=utf-8
07-09-2020 03:55:29 LoggingManagedHttpClientConnection.java DEBUG [Forwarding actions on session 6feed7a512c1539f31718aa41fdf8649 to remote] http.headers 125 - http-outgoing-0 << cache-control:no-cache
07-09-2020 03:55:29 MainClientExec.java DEBUG [Forwarding actions on session 6feed7a512c1539f31718aa41fdf8649 to remote] execchain.MainClientExec 285 - Connection can be kept alive indefinitely
07-09-2020 03:55:29 PoolingHttpClientConnectionManager.java DEBUG [Forwarding actions on session 6feed7a512c1539f31718aa41fdf8649 to remote] conn.PoolingHttpClientConnectionManager 320 - Connection [id: 0][route: {}->http://localhost:46632] can be kept alive indefinitely
07-09-2020 03:55:29 PoolingHttpClientConnectionManager.java DEBUG [Forwarding actions on session 6feed7a512c1539f31718aa41fdf8649 to remote] conn.PoolingHttpClientConnectionManager 326 - Connection released: [id: 0][route: {}->http://localhost:46632][total kept alive: 1; route allocated: 1 of 2000; total allocated: 1 of 2000]
07-09-2020 03:55:29 RequestAddCookies.java DEBUG [Forwarding getElementAttribute on session 6feed7a512c1539f31718aa41fdf8649 to remote] protocol.RequestAddCookies 123 - CookieSpec selected: default
07-09-2020 03:55:29 RequestAuthCache.java DEBUG [Forwarding getElementAttribute on session 6feed7a512c1539f31718aa41fdf8649 to remote] protocol.RequestAuthCache 77 - Auth cache not set in the context
07-09-2020 03:55:29 PoolingHttpClientConnectionManager.java DEBUG [Forwarding getElementAttribute on session 6feed7a512c1539f31718aa41fdf8649 to remote] conn.PoolingHttpClientConnectionManager 255 - Connection request: [route: {}->http://localhost:46632][total kept alive: 1; route allocated: 1 of 2000; total allocated: 1 of 2000]
07-09-2020 03:55:29 PoolingHttpClientConnectionManager.java DEBUG [Forwarding getElementAttribute on session 6feed7a512c1539f31718aa41fdf8649 to remote] conn.PoolingHttpClientConnectionManager 288 - Connection leased: [id: 0][route: {}->http://localhost:46632][total kept alive: 0; route allocated: 1 of 2000; total allocated: 1 of 2000]
07-09-2020 03:55:29 MainClientExec.java DEBUG [Forwarding getElementAttribute on session 6feed7a512c1539f31718aa41fdf8649 to remote] execchain.MainClientExec 208 - Stale connection check
07-09-2020 03:55:29 Wire.java DEBUG [Forwarding getElementAttribute on session 6feed7a512c1539f31718aa41fdf8649 to remote] http.wire 87 - http-outgoing-0 << "[read] I/O error: Read timed out"
07-09-2020 03:55:29 LoggingManagedHttpClientConnection.java DEBUG [Forwarding getElementAttribute on session 6feed7a512c1539f31718aa41fdf8649 to remote] conn.DefaultManagedHttpClientConnection 88 - http-outgoing-0: set socket timeout to 10800000
07-09-2020 03:55:29 MainClientExec.java DEBUG [Forwarding getElementAttribute on session 6feed7a512c1539f31718aa41fdf8649 to remote] execchain.MainClientExec 256 - Executing request POST /session/6feed7a512c1539f31718aa41fdf8649/execute/sync HTTP/1.1
07-09-2020 03:55:29 MainClientExec.java DEBUG [Forwarding getElementAttribute on session 6feed7a512c1539f31718aa41fdf8649 to remote] execchain.MainClientExec 261 - Target auth state: UNCHALLENGED
07-09-2020 03:55:29 MainClientExec.java DEBUG [Forwarding getElementAttribute on session 6feed7a512c1539f31718aa41fdf8649 to remote] execchain.MainClientExec 267 - Proxy auth state: UNCHALLENGED
07-09-2020 03:55:29 LoggingManagedHttpClientConnection.java DEBUG [Forwarding getElementAttribute on session 6feed7a512c1539f31718aa41fdf8649 to remote] http.headers 133 - http-outgoing-0 >> POST /session/6feed7a512c1539f31718aa41fdf8649/execute/sync HTTP/1.1
07-09-2020 03:55:29 LoggingManagedHttpClientConnection.java DEBUG [Forwarding getElementAttribute on session 6feed7a512c1539f31718aa41fdf8649 to remote] http.headers 136 - http-outgoing-0 >> Content-Type: application/json; charset=utf-8
07-09-2020 03:55:29 LoggingManagedHttpClientConnection.java DEBUG [Forwarding getElementAttribute on session 6feed7a512c1539f31718aa41fdf8649 to remote] http.headers 136 - http-outgoing-0 >> Content-Length: 8545
07-09-2020 03:55:29 LoggingManagedHttpClientConnection.java DEBUG [Forwarding getElementAttribute on session 6feed7a512c1539f31718aa41fdf8649 to remote] http.headers 136 - http-outgoing-0 >> Host: localhost:46632
07-09-2020 03:55:29 LoggingManagedHttpClientConnection.java DEBUG [Forwarding getElementAttribute on session 6feed7a512c1539f31718aa41fdf8649 to remote] http.headers 136 - http-outgoing-0 >> Connection: Keep-Alive
07-09-2020 03:55:29 LoggingManagedHttpClientConnection.java DEBUG [Forwarding getElementAttribute on session 6feed7a512c1539f31718aa41fdf8649 to remote] http.headers 136 - http-outgoing-0 >> User-Agent: Apache-HttpClient/4.5.3 (Java/1.8.0_144)
07-09-2020 03:55:29 LoggingManagedHttpClientConnection.java DEBUG [Forwarding getElementAttribute on session 6feed7a512c1539f31718aa41fdf8649 to remote] http.headers 136 - http-outgoing-0 >> Accept-Encoding: gzip,deflate
07-09-2020 03:55:29 Wire.java DEBUG [Forwarding getElementAttribute on session 6feed7a512c1539f31718aa41fdf8649 to remote] http.wire 73 - http-outgoing-0 >> "POST /session/6feed7a512c1539f31718aa41fdf8649/execute/sync HTTP/1.1[\r][\n]"
07-09-2020 03:55:29 Wire.java DEBUG [Forwarding getElementAttribute on session 6feed7a512c1539f31718aa41fdf8649 to remote] http.wire 73 - http-outgoing-0 >> "Content-Type: application/json; charset=utf-8[\r][\n]"
07-09-2020 03:55:29 Wire.java DEBUG [Forwarding getElementAttribute on session 6feed7a512c1539f31718aa41fdf8649 to remote] http.wire 73 - http-outgoing-0 >> "Content-Length: 8545[\r][\n]"
07-09-2020 03:55:29 Wire.java DEBUG [Forwarding getElementAttribute on session 6feed7a512c1539f31718aa41fdf8649 to remote] http.wire 73 - http-outgoing-0 >> "Host: localhost:46632[\r][\n]"
07-09-2020 03:55:29 Wire.java DEBUG [Forwarding getElementAttribute on session 6feed7a512c1539f31718aa41fdf8649 to remote] http.wire 73 - http-outgoing-0 >> "Connection: Keep-Alive[\r][\n]"
07-09-2020 03:55:29 Wire.java DEBUG [Forwarding getElementAttribute on session 6feed7a512c1539f31718aa41fdf8649 to remote] http.wire 73 - http-outgoing-0 >> "User-Agent: Apache-HttpClient/4.5.3 (Java/1.8.0_144)[\r][\n]"
07-09-2020 03:55:29 Wire.java DEBUG [Forwarding getElementAttribute on session 6feed7a512c1539f31718aa41fdf8649 to remote] http.wire 73 - http-outgoing-0 >> "Accept-Encoding: gzip,deflate[\r][\n]"
07-09-2020 03:55:29 Wire.java DEBUG [Forwarding getElementAttribute on session 6feed7a512c1539f31718aa41fdf8649 to remote] http.wire 73 - http-outgoing-0 >> "[\r][\n]"
07-09-2020 03:55:29 Wire.java DEBUG [Forwarding getElementAttribute on session 6feed7a512c1539f31718aa41fdf8649 to remote] http.wire 87 - http-outgoing-0 >> "{"script":"return (function(){return function(){var aa=\"function\"==typeof Object.defineProperties?Object.defineProperty:function(a,c,b){if(b.get||b.set)throw new TypeError(\"ES3 does not support getters and setters.\");a!=Array.prototype&&a!=Object.prototype&&(a[c]=b.value)},ba=\"undefined\"!=typeof window&&window===this?this:\"undefined\"!=typeof global?global:this;\nfunction e(a,c){if(c){for(var b=ba,d=a.split(\".\"),f=0;f<d.length-1;f++){var h=d[f];h in b||(b[h]={});b=b[h]}d=d[d.length-1];f=b[d];h=c(f);h!=f&&null!=h&&aa(b,d,{configurable:!0,writable:!0,value:h})}}\ne(\"String.prototype.repeat\",function(a){return a?a:function(a){var b;if(null==this)throw new TypeError(\"The 'this' value for String.prototype.repeat must not be null or undefined\");b=this+\"\";if(0>a||1342177279<a)throw new RangeError(\"Invalid count value\");a|=0;for(var d=\"\";a;)if(a&1&&(d+=b),a>>>=1)b+=b;return d}});e(\"Math.sign\",function(a){return a?a:function(a){a=Number(a);return!a||isNaN(a)?a:0<a?1:-1}});var g=this;function l(a){return\"string\"==typeof a};function m(a,c){this.a=n[a]||p;this.message=c||\"\";var b=this.a.replace(/((?:^|\\s+)[a-z])/g,function(a){return a.toUpperCase().replace(/^[\\s\\xa0]+/g,\"\")}),d=b.length-5;if(0>d||b.indexOf(\"Error\",d)!=d)b+=\"Error\";this.name=b;b=Error(this.message);b.name=this.name;this.stack=b.stack||\"\"}\n(function(){var a=Error;function c(){}c.prototype=a.prototype;m.b=a.prototype;m.prototype=new c;m.prototype.constructor=m;m.a=function(b,c,f){for(var h=Array(arguments.length-2),k=2;k<arguments.length;k++)h[k-2]=arguments[k];return a.prototype[c].apply(b,h)}})();var p=\"unknown error\",n={15:\"element not selectable\",11:\"element not visible\"};n[31]=p;n[30]=p;n[24]=\"invalid cookie domain\";n[29]=\"invalid element coordinates\";n[12]=\"invalid element state\";n[32]=\"invalid selector\";n[51]=\"invalid selector\";\nn[52]=\"invalid selector\";n[17]=\"javascript error\";n[405]=\"unsupported operation\";n[34]=\"move target out of bounds\";n[27]=\"no such alert\";n[7]=\"no such element\";n[8]=\"no such frame\";n[23]=\"no such window\";n[28]=\"script timeout\";n[33]=\"session not created\";n[10]=\"stale element reference\";n[21]=\"timeout\";n[25]=\"unable to set cookie\";n[26]=\"unexpected alert open\";n[13]=p;n[9]=\"unknown command\";m.prototype.toString=function(){return this.name+\": \"+this.message};var q=String.prototype.trim?function(a){return a.trim()}:function(a){return a.replace(/^[\\s\\xa0]+|[\\s\\xa0]+$/g,\"\")};\nfunction r(a,c){for(var b=0,d=q(String(a)).split(\".\"),f=q(String(c)).split(\".\"),h=Math.max(d.length,f.length),k=0;!b&&k<h;k++){var S=d[k]||\"\",ja=f[k]||\"\",ka=RegExp(\"(\\\\d*)(\\\\D*)\",\"g\"),la=RegExp(\"(\\\\d*)(\\\\D*)\",\"g\");do{var t=ka.exec(S)||[\"\",\"\
[...]
ed7a512c1539f31718aa41fdf8649 to remote] http.wire 87 - http-outgoing-0 >> "{"script":"return (function(){return function(){var aa=\"function\"==typeof Object.defineProperties?Object.defineProperty:function(a,c,b){if(b.get||b.set)throw new TypeError(\"ES3 does not support getters and setters.\");a!=Array.prototype&&a!=Object.prototype&&(a[c]=b.value)},ba=\"undefined\"!=typeof window&&window===this?this:\"undefined\"!=typeof global?global:this;\nfunction e(a,c){if(c){for(var b=ba,d=a.split(\".\"),f=0;f<d.length-1;f++){var h=d[f];h in b||(b[h]={});b=b[h]}d=d[d.length-1];f=b[d];h=c(f);h!=f&&null!=h&&aa(b,d,{configurable:!0,writable:!0,value:h})}}\ne(\"String.prototype.repeat\",function(a){return a?a:function(a){var b;if(null==this)throw new TypeError(\"The 'this' value for String.prototype.repeat must not be null or undefined\");b=this+\"\";if(0>a||1342177279<a)throw new RangeError(\"Invalid count value\");a|=0;for(var d=\"\";a;)if(a&1&&(d+=b),a>>>=1)b+=b;return d}});e(\"Math.sign\",function(a){return a?a:function(a){a=Number(a);return!a||isNaN(a)?a:0<a?1:-1}});var g=this;function l(a){return\"string\"==typeof a};function m(a,c){this.a=n[a]||p;this.message=c||\"\";var b=this.a.replace(/((?:^|\\s+)[a-z])/g,function(a){return a.toUpperCase().replace(/^[\\s\\xa0]+/g,\"\")}),d=b.length-5;if(0>d||b.indexOf(\"Error\",d)!=d)b+=\"Error\";this.name=b;b=Error(this.message);b.name=this.name;this.stack=b.stack||\"\"}\n(function(){var a=Error;function c(){}c.prototype=a.prototype;m.b=a.prototype;m.prototype=new c;m.prototype.constructor=m;m.a=function(b,c,f){for(var h=Array(arguments.length-2),k=2;k<arguments.length;k++)h[k-2]=arguments[k];return a.prototype[c].apply(b,h)}})();var p=\"unknown error\",n={15:\"element not selectable\",11:\"element not visible\"};n[31]=p;n[30]=p;n[24]=\"invalid cookie domain\";n[29]=\"invalid element coordinates\";n[12]=\"invalid element state\";n[32]=\"invalid selector\";n[51]=\"invalid selector\";\nn[52]=\"invalid selector\";n[17]=\"javascript error\";n[405]=\"unsupported operation\";n[34]=\"move target out of bounds\";n[27]=\"no such alert\";n[7]=\"no such element\";n[8]=\"no such frame\";n[23]=\"no such window\";n[28]=\"script timeout\";n[33]=\"session not created\";n[10]=\"stale element reference\";n[21]=\"timeout\";n[25]=\"unable to set cookie\";n[26]=\"unexpected alert open\";n[13]=p;n[9]=\"unknown command\";m.prototype.toString=function(){return this.name+\": \"+this.message};var q=String.prototype.trim?function(a){return a.trim()}:function(a){return a.replace(/^[\\s\\xa0]+|[\\s\\xa0]+$/g,\"\")};\nfunction r(a,c){for(var b=0,d=q(String(a)).split(\".\"),f=q(String(c)).split(\".\"),h=Math.max(d.length,f.length),k=0;!b&&k<h;k++){var S=d[k]||\"\",ja=f[k]||\"\",ka=RegExp(\"(\\\\d*)(\\\\D*)\",\"g\"),la=RegExp(\"(\\\\d*)(\\\\D*)\",\"g\");do{var t=ka.exec(S)||[\"\",\"\",\"\"],u=la.exec(ja)||[\"\",\"\",\"\"];if(0==t[0].length&&0==u[0].length)break;b=v(0==t[1].length?0:parseInt(t[1],10),0==u[1].length?0:parseInt(u[1],10))||v(0==t[2].length,0==u[2].length)||v(t[2],u[2])}while(!b)}return b}function v(a,c){return a<c?-1:a>c?1:0};var w;a:{var x=g.navigator;if(x){var y=x.userAgent;if(y){w=y;break a}}w=\"\"}function z(a){return-1!=w.indexOf(a)};function ca(a,c){for(var b=a.length,d=l(a)?a.split(\"\"):a,f=0;f<b;f++)f in d&&c.call(void 0,d[f],f,a)};function A(){return z(\"iPhone\")&&!z(\"iPod\")&&!z(\"iPad\")};function B(){return z(\"Opera\")||z(\"OPR\")}function C(){return(z(\"Chrome\")||z(\"CriOS\"))&&!B()&&!z(\"Edge\")};var D=B(),E=z(\"Trident\")||z(\"MSIE\"),F=z(\"Edge\"),G=z(\"Gecko\")&&!(-1!=w.toLowerCase().indexOf(\"webkit\")&&!z(\"Edge\"))&&!(z(\"Trident\")||z(\"MSIE\"))&&!z(\"Edge\"),da=-1!=w.toLowerCase().indexOf(\"webkit\")&&!z(\"Edge\");function ea(){var a=w;if(G)return/rv\\:([^\\);]+)(\\)|;)/.exec(a);if(F)return/Edge\\/([\\d\\.]+)/.exec(a);if(E)return/\\b(?:MSIE|rv)[: ]([^\\);]+)(\\)|;)/.exec(a);if(da)return/WebKit\\/(\\S+)/.exec(a)}function H(){var a=g.document;return a?a.documentMode:void 0}\nvar I=function(){if(D&&g.opera){var a;var c=g.opera.version;try{a=c()}catch(b){a=c}return a}a=\"\";(c=ea())&&(a=c?c[1]:\"\");return E&&(c=H(),null!=c&&c>parseFloat(a))?String(c):a}(),J={},K=g.document,L=K&&E?H()||(\"CSS1Compat\"==K.compatMode?parseInt(I,10):5):void 0;!G&&!E||E&&9<=Number(L)||G&&(J[\"1.9.1\"]||(J[\"1.9.1\"]=0<=r(I,\"1.9.1\")));E&&(J[\"9\"]||(J[\"9\"]=0<=r(I,\"9\")));var fa=z(\"Firefox\"),ga=A()||z(\"iPod\"),ha=z(\"iPad\"),M=z(\"Android\")&&!(C()||z(\"Firefox\")||B()||z(\"Silk\")),ia=C(),N=z(\"Safari\")&&!(C()||z(\"Coast\")||B()||z(\"Edge\")||z(\"Silk\")||z(\"Android\"))&&!(A()||z(\"iPad\")||z(\"iPod\"));var ma={SCRIPT:1,STYLE:1,HEAD:1,IFRAME:1,OBJECT:1},na={IMG:\" \",BR:\"\\n\"};function oa(a,c,b){if(!(a.nodeName in ma))if(3==a.nodeType)b?c.push(String(a.nodeValue).replace(/(\\r\\n|\\r|\\n)/g,\"\")):c.push(a.nodeValue);else if(a.nodeName in na)c.push(na[a.nodeName]);else for(a=a.firstChild;a;)oa(a,c,b),a=a.nextSibling};function O(a){return(a=a.exec(w))?a[1]:\"\"}var pa=function(){if(fa)return O(/Firefox\\/([0-9.]+)/);if(E||F||D)return I;if(ia)return O(/Chrome\\/([0-9.]+)/);if(N&&!(A()||z(\"iPad\")||z(\"iPod\")))return O(/Version\\/([0-9.]+)/);if(ga||ha){var a=/Version\\/(\\S+).*Mobile\\/(\\S+)/.exec(w);if(a)return a[1]+\".\"+a[2]}else if(M)return(a=O(/Android\\s+([0-9.]+)/))?a:O(/Version\\/([0-9.]+)/);return\"\"}();var qa;function P(a){ra?qa(a):M?r(sa,a):r(pa,a)}var ra=function(){if(!G)return!1;var a=g.Components;if(!a)return!1;try{if(!a.classes)return!1}catch(f){return!1}var c=a.classes,a=a.interfaces,b=c[\"@mozilla.org/xpcom/version-comparator;1\"].getService(a.nsIVersionComparator),d=c[\"@mozilla.org/xre/app-info;1\"].getService(a.nsIXULAppInfo).version;qa=function(a){b.compare(d,\"\"+a)};return!0}(),Q;if(M){var ta=/Android\\s+([0-9\\.]+)/.exec(w);Q=ta?ta[1]:\"0\"}else Q=\"0\";\nvar sa=Q,ua=E&&!(8<=Number(L)),va=E&&!(9<=Number(L));M&&P(2.3);M&&P(4);N&&P(6);function R(a,c){c=c.toLowerCase();if(\"style\"==c)return wa(a.style.cssText);if(ua&&\"value\"==c&&T(a,\"INPUT\"))return a.value;if(va&&!0===a[c])return String(a.getAttribute(c));var b=a.getAttributeNode(c);return b&&b.specified?b.value:null}var xa=/[;]+(?=(?:(?:[^\"]*\"){2})*[^\"]*$)(?=(?:(?:[^']*'){2})*[^']*$)(?=(?:[^()]*\\([^()]*\\))*[^()]*$)/;\nfunction wa(a){var c=[];ca(a.split(xa),function(a){var d=a.indexOf(\":\");0<d&&(a=[a.slice(0,d),a.slice(d+1)],2==a.length&&c.push(a[0].toLowerCase(),\":\",a[1],\";\"))});c=c.join(\"\");return c=\";\"==c.charAt(c.length-1)?c:c+\";\"}function U(a,c){var b;ua&&\"value\"==c&&T(a,\"OPTION\")&&null===R(a,\"value\")?(b=[],oa(a,b,!1),b=b.join(\"\")):b=a[c];return b}function T(a,c){return!!a&&1==a.nodeType&&(!c||a.tagName.toUpperCase()==c)}\nfunction ya(a){return T(a,\"OPTION\")?!0:T(a,\"INPUT\")?(a=a.type.toLowerCase(),\"checkbox\"==a||\"radio\"==a):!1};var za={\"class\":\"className\",readonly:\"readOnly\"},V=\"async autofocus autoplay checked compact complete controls declare defaultchecked defaultselected defer disabled draggable ended formnovalidate hidden indeterminate iscontenteditable ismap itemscope loop multiple muted nohref noresize noshade novalidate nowrap open paused pubdate readonly required reversed scoped seamless seeking selected spellcheck truespeed willvalidate\".split(\" \");function Aa(a,c){var b=null,d=c.toLowerCase();if(\"style\"==d)return(b=a.style)&&!l(b)&&(b=b.cssText),b;if((\"selected\"==d||\"checked\"==d)&&ya(a)){if(!ya(a))throw new m(15,\"Element is not selectable\");var b=\"selected\",f=a.type&&a.type.toLowerCase();if(\"checkbox\"==f||\"radio\"==f)b=\"checked\";return U(a,b)?\"true\":null}var h=T(a,\"A\");if(T(a,\"IMG\")&&\"src\"==d||h&&\"href\"==d)return(b=R(a,d))&&(b=U(a,d)),b;if(\"spellcheck\"==d){b=R(a,d);if(null!==b){if(\"false\"==b.toLowerCase())return\"false\";if(\"true\"==b.toLowerCase())return\"true\"}return U(a,\nd)+\"\"}h=za[c]||c;a:if(l(V))d=l(d)&&1==d.length?V.indexOf(d,0):-1;else{for(var k=0;k<V.length;k++)if(k in V&&V[k]===d){d=k;break a}d=-1}if(0<=d)return(b=null!==R(a,c)||U(a,h))?\"true\":null;try{f=U(a,h)}catch(S){}(d=null==f)||(d=typeof f,d=\"object\"==d&&null!=f||\"function\"==d);d?b=R(a,c):b=f;return null!=b?b.toString():null}var W=[\"_\"],X=g;W[0]in X||!X.execScript||X.execScript(\"var \"+W[0]);for(var Y;W.length&&(Y=W.shift());){var Z;if(Z=!W.length)Z=void 0!==Aa;Z?X[Y]=Aa:X[Y]?X=X[Y]:X=X[Y]={}};; return this._.apply(null,arguments);}.apply({navigator:typeof window!='undefined'?window.navigator:null,document:typeof window!='undefined'?window.document:null}, arguments);}\n).apply(null, arguments);","args":[{"element-6066-11e4-a52e-4f735466cecf":"5cd5affc-57bd-47c7-ae32-9a0287bedba3"},"title"]}"
07-09-2020 03:55:32 Wire.java DEBUG [Forwarding getElementAttribute on session 6feed7a512c1539f31718aa41fdf8649 to remote] http.wire 73 - http-outgoing-0 << "HTTP/1.1 200 OK[\r][\n]"
07-09-2020 03:55:32 Wire.java DEBUG [Forwarding getElementAttribute on session 6feed7a512c1539f31718aa41fdf8649 to remote] http.wire 73 - http-outgoing-0 << "Content-Length:20[\r][\n]"
07-09-2020 03:55:32 Wire.java DEBUG [Forwarding getElementAttribute on session 6feed7a512c1539f31718aa41fdf8649 to remote] http.wire 73 - http-outgoing-0 << "Content-Type:application/json; charset=utf-8[\r][\n]"
07-09-2020 03:55:32 Wire.java DEBUG [Forwarding getElementAttribute on session 6feed7a512c1539f31718aa41fdf8649 to remote] http.wire 73 - http-outgoing-0 << "cache-control:no-cache[\r][\n]"
07-09-2020 03:55:32 Wire.java DEBUG [Forwarding getElementAttribute on session 6feed7a512c1539f31718aa41fdf8649 to remote] http.wire 73 - http-outgoing-0 << "[\r][\n]"
07-09-2020 03:55:32 Wire.java DEBUG [Forwarding getElementAttribute on session 6feed7a512c1539f31718aa41fdf8649 to remote] http.wire 87 - http-outgoing-0 << "{"value":"T-shirts"}"
07-09-2020 03:55:32 LoggingManagedHttpClientConnection.java DEBUG [Forwarding getElementAttribute on session 6feed7a512c1539f31718aa41fdf8649 to remote] http.headers 122 - http-outgoing-0 << HTTP/1.1 200 OK
07-09-2020 03:55:32 LoggingManagedHttpClientConnection.java DEBUG [Forwarding getElementAttribute on session 6feed7a512c1539f31718aa41fdf8649 to remote] http.headers 125 - http-outgoing-0 << Content-Length:20
07-09-2020 03:55:32 LoggingManagedHttpClientConnection.java DEBUG [Forwarding getElementAttribute on session 6feed7a512c1539f31718aa41fdf8649 to remote] http.headers 125 - http-outgoing-0 << Content-Type:application/json; charset=utf-8
07-09-2020 03:55:32 LoggingManagedHttpClientConnection.java DEBUG [Forwarding getElementAttribute on session 6feed7a512c1539f31718aa41fdf8649 to remote] http.headers 125 - http-outgoing-0 << cache-control:no-cache
07-09-2020 03:55:32 MainClientExec.java DEBUG [Forwarding getElementAttribute on session 6feed7a512c1539f31718aa41fdf8649 to remote] execchain.MainClientExec 285 - Connection can be kept alive indefinitely
07-09-2020 03:55:32 PoolingHttpClientConnectionManager.java DEBUG [Forwarding getElementAttribute on session 6feed7a512c1539f31718aa41fdf8649 to remote] conn.PoolingHttpClientConnectionManager 320 - Connection [id: 0][route: {}->http://localhost:46632] can be kept alive indefinitely
07-09-2020 03:55:32 PoolingHttpClientConnectionManager.java DEBUG [Forwarding getElementAttribute on session 6feed7a512c1539f31718aa41fdf8649 to remote] conn.PoolingHttpClientConnectionManager 326 - Connection released: [id: 0][route: {}->http://localhost:46632][total kept alive: 1; route allocated: 1 of 2000; total allocated: 1 of 2000]
07-09-2020 03:55:32 RequestAddCookies.java DEBUG [Forwarding findElements on session 6feed7a512c1539f31718aa41fdf8649 to remote] protocol.RequestAddCookies 123 - CookieSpec selected: default
07-09-2020 03:55:32 RequestAuthCache.java DEBUG [Forwarding findElements on session 6feed7a512c1539f31718aa41fdf8649 to remote] protocol.RequestAuthCache 77 - Auth cache not set in the context
07-09-2020 03:55:32 PoolingHttpClientConnectionManager.java DEBUG [Forwarding findElements on session 6feed7a512c1539f31718aa41fdf8649 to remote] conn.PoolingHttpClientConnectionManager 255 - Connection request: [route: {}->http://localhost:46632][total kept alive: 1; route allocated: 1 of 2000; total allocated: 1 of 2000]
07-09-2020 03:55:32 PoolingHttpClientConnectionManager.java DEBUG [Forwarding findElements on session 6feed7a512c1539f31718aa41fdf8649 to remote] conn.PoolingHttpClientConnectionManager 288 - Connection leased: [id: 0][route: {}->http://localhost:46632][total kept alive: 0; route allocated: 1 of 2000; total allocated: 1 of 2000]
07-09-2020 03:55:32 MainClientExec.java DEBUG [Forwarding findElements on session 6feed7a512c1539f31718aa41fdf8649 to remote] execchain.MainClientExec 208 - Stale connection check
07-09-2020 03:55:32 Wire.java DEBUG [Forwarding findElements on session 6feed7a512c1539f31718aa41fdf8649 to remote] http.wire 87 - http-outgoing-0 << "[read] I/O error: Read timed out"
07-09-2020 03:55:32 LoggingManagedHttpClientConnection.java DEBUG [Forwarding findElements on session 6feed7a512c1539f31718aa41fdf8649 to remote] conn.DefaultManagedHttpClientConnection 88 - http-outgoing-0: set socket timeout to 10800000
07-09-2020 03:55:32 MainClientExec.java DEBUG [Forwarding findElements on session 6feed7a512c1539f31718aa41fdf8649 to remote] execchain.MainClientExec 256 - Executing request POST /session/6feed7a512c1539f31718aa41fdf8649/elements HTTP/1.1
07-09-2020 03:55:32 MainClientExec.java DEBUG [Forwarding findElements on session 6feed7a512c1539f31718aa41fdf8649 to remote] execchain.MainClientExec 261 - Target auth state: UNCHALLENGED
07-09-2020 03:55:32 MainClientExec.java DEBUG [Forwarding findElements on session 6feed7a512c1539f31718aa41fdf8649 to remote] execchain.MainClientExec 267 - Proxy auth state: UNCHALLENGED
07-09-2020 03:55:32 LoggingManagedHttpClientConnection.java DEBUG [Forwarding findElements on session 6feed7a512c1539f31718aa41fdf8649 to remote] http.headers 133 - http-outgoing-0 >> POST /session/6feed7a512c1539f31718aa41fdf8649/elements HTTP/1.1
07-09-2020 03:55:32 LoggingManagedHttpClientConnection.java DEBUG [Forwarding findElements on session 6feed7a512c1539f31718aa41fdf8649 to remote] http.headers 136 - http-outgoing-0 >> Content-Type: application/json; charset=utf-8
07-09-2020 03:55:32 LoggingManagedHttpClientConnection.java DEBUG [Forwarding findElements on session 6feed7a512c1539f31718aa41fdf8649 to remote] http.headers 136 - http-outgoing-0 >> Content-Length: 68
07-09-2020 03:55:32 LoggingManagedHttpClientConnection.java DEBUG [Forwarding findElements on session 6feed7a512c1539f31718aa41fdf8649 to remote] http.headers 136 - http-outgoing-0 >> Host: localhost:46632
07-09-2020 03:55:32 LoggingManagedHttpClientConnection.java DEBUG [Forwarding findElements on session 6feed7a512c1539f31718aa41fdf8649 to remote] http.headers 136 - http-outgoing-0 >> Connection: Keep-Alive
07-09-2020 03:55:32 LoggingManagedHttpClientConnection.java DEBUG [Forwarding findElements on session 6feed7a512c1539f31718aa41fdf8649 to remote] http.headers 136 - http-outgoing-0 >> User-Agent: Apache-HttpClient/4.5.3 (Java/1.8.0_144)
07-09-2020 03:55:32 LoggingManagedHttpClientConnection.java DEBUG [Forwarding findElements on session 6feed7a512c1539f31718aa41fdf8649 to remote] http.headers 136 - http-outgoing-0 >> Accept-Encoding: gzip,deflate
07-09-2020 03:55:32 Wire.java DEBUG [Forwarding findElements on session 6feed7a512c1539f31718aa41fdf8649 to remote] http.wire 73 - http-outgoing-0 >> "POST /session/6feed7a512c1539f31718aa41fdf8649/elements HTTP/1.1[\r][\n]"
07-09-2020 03:55:32 Wire.java DEBUG [Forwarding findElements on session 6feed7a512c1539f31718aa41fdf8649 to remote] http.wire 73 - http-outgoing-0 >> "Content-Type: application/json; charset=utf-8[\r][\n]"
07-09-2020 03:55:32 Wire.java DEBUG [Forwarding findElements on session 6feed7a512c1539f31718aa41fdf8649 to remote] http.wire 73 - http-outgoing-0 >> "Content-Length: 68[\r][\n]"
07-09-2020 03:55:32 Wire.java DEBUG [Forwarding findElements on session 6feed7a512c1539f31718aa41fdf8649 to remote] http.wire 73 - http-outgoing-0 >> "Host: localhost:46632[\r][\n]"
07-09-2020 03:55:32 Wire.java DEBUG [Forwarding findElements on session 6feed7a512c1539f31718aa41fdf8649 to remote] http.wire 73 - http-outgoing-0 >> "Connection: Keep-Alive[\r][\n]"
07-09-2020 03:55:32 Wire.java DEBUG [Forwarding findElements on session 6feed7a512c1539f31718aa41fdf8649 to remote] http.wire 73 - http-outgoing-0 >> "User-Agent: Apache-HttpClient/4.5.3 (Java/1.8.0_144)[\r][\n]"
07-09-2020 03:55:32 Wire.java DEBUG [Forwarding findElements on session 6feed7a512c1539f31718aa41fdf8649 to remote] http.wire 73 - http-outgoing-0 >> "Accept-Encoding: gzip,deflate[\r][\n]"
07-09-2020 03:55:32 Wire.java DEBUG [Forwarding findElements on session 6feed7a512c1539f31718aa41fdf8649 to remote] http.wire 73 - http-outgoing-0 >> "[\r][\n]"
07-09-2020 03:55:32 Wire.java DEBUG [Forwarding findElements on session 6feed7a512c1539f31718aa41fdf8649 to remote] http.wire 87 - http-outgoing-0 >> "{"value":"//*[@id='block_top_menu']/ul/li[2]/ul/li","using":"xpath"}"
07-09-2020 03:55:32 Wire.java DEBUG [Forwarding findElements on session 6feed7a512c1539f31718aa41fdf8649 to remote] http.wire 73 - http-outgoing-0 << "HTTP/1.1 200 OK[\r][\n]"
07-09-2020 03:55:32 Wire.java DEBUG [Forwarding findElements on session 6feed7a512c1539f31718aa41fdf8649 to remote] http.wire 73 - http-outgoing-0 << "Content-Length:248[\r][\n]"
07-09-2020 03:55:32 Wire.java DEBUG [Forwarding findElements on session 6feed7a512c1539f31718aa41fdf8649 to remote] http.wire 73 - http-outgoing-0 << "Content-Type:application/json; charset=utf-8[\r][\n]"
07-09-2020 03:55:32 Wire.java DEBUG [Forwarding findElements on session 6feed7a512c1539f31718aa41fdf8649 to remote] http.wire 73 - http-outgoing-0 << "cache-control:no-cache[\r][\n]"
07-09-2020 03:55:32 Wire.java DEBUG [Forwarding findElements on session 6feed7a512c1539f31718aa41fdf8649 to remote] http.wire 73 - http-outgoing-0 << "[\r][\n]"
07-09-2020 03:55:32 Wire.java DEBUG [Forwarding findElements on session 6feed7a512c1539f31718aa41fdf8649 to remote] http.wire 87 - http-outgoing-0 << "{"value":[{"element-6066-11e4-a52e-4f735466cecf":"33f712bc-f65c-45fa-b764-59c0cbb912b1"},{"element-6066-11e4-a52e-4f735466cecf":"b7097e1d-2313-4257-9645-cf0acf9ba825"},{"element-6066-11e4-a52e-4f735466cecf":"64b5ca4b-b2a0-43e3-9e58-1b2c7dd12b00"}]}"
07-09-2020 03:55:32 LoggingManagedHttpClientConnection.java DEBUG [Forwarding findElements on session 6feed7a512c1539f31718aa41fdf8649 to remote] http.headers 122 - http-outgoing-0 << HTTP/1.1 200 OK
07-09-2020 03:55:32 LoggingManagedHttpClientConnection.java DEBUG [Forwarding findElements on session 6feed7a512c1539f31718aa41fdf8649 to remote] http.headers 125 - http-outgoing-0 << Content-Length:248
07-09-2020 03:55:32 LoggingManagedHttpClientConnection.java DEBUG [Forwarding findElements on session 6feed7a512c1539f31718aa41fdf8649 to remote] http.headers 125 - http-outgoing-0 << Content-Type:application/json; charset=utf-8
07-09-2020 03:55:32 LoggingManagedHttpClientConnection.java DEBUG [Forwarding findElements on session 6feed7a512c1539f31718aa41fdf8649 to remote] http.headers 125 - http-outgoing-0 << cache-control:no-cache
07-09-2020 03:55:32 MainClientExec.java DEBUG [Forwarding findElements on session 6feed7a512c1539f31718aa41fdf8649 to remote] execchain.MainClientExec 285 - Connection can be kept alive indefinitely
07-09-2020 03:55:32 PoolingHttpClientConnectionManager.java DEBUG [Forwarding findElements on session 6feed7a512c1539f31718aa41fdf8649 to remote] conn.PoolingHttpClientConnectionManager 320 - Connection [id: 0][route: {}->http://localhost:46632] can be kept alive indefinitely
07-09-2020 03:55:32 PoolingHttpClientConnectionManager.java DEBUG [Forwarding findElements on session 6feed7a512c1539f31718aa41fdf8649 to remote] conn.PoolingHttpClientConnectionManager 326 - Connection released: [id: 0][route: {}->http://localhost:46632][total kept alive: 1; route allocated: 1 of 2000; total allocated: 1 of 2000]
]]></system-out>
  </testcase>
</testsuite>