-------------------------------------------------------------------------------
Test set: TestSuite
-------------------------------------------------------------------------------
Tests run: 2, Failures: 2, Errors: 0, Skipped: 0, Time elapsed: 29.838 sec <<< FAILURE! - in TestSuite
testCountsOfProductListForEachMainProduct(tests.MenuTests)  Time elapsed: 2.237 sec  <<< FAILURE!
java.lang.AssertionError: expected [2] but found [0]
	at tests.MenuTests.testCountsOfProductListForEachMainProduct(MenuTests.java:25)

testCountsOfProductListForEachMainProduct(tests.MenuTests)  Time elapsed: 1.73 sec  <<< FAILURE!
java.lang.AssertionError: expected [3] but found [1]
	at tests.MenuTests.testCountsOfProductListForEachMainProduct(MenuTests.java:25)

